========================================================================
READ_ASCII_FILE: unknown
READ_ASCII_FILE: File: input.nml
========================================================================
READ_INPUT_NML: unknown
READ_INPUT_NML: input.nml 
 &amip_interp_nml
   interp_oi_sst = .true.
   use_ncep_sst = .true.
   use_ncep_ice = .false.
   no_anom_sst = .false.
   data_set = 'reynolds_oi'
   date_out_of_range = 'climo'
 
 /
 
 &atmos_model_nml
   blocksize = 32
   chksum_debug = .false.
   dycore_only = .false.
   fdiag = 6
   fhmax = 6
   fhout = 6
   fhmaxhf = -1
   fhouthf = -1
   ccpp_suite = FV3_GFS_v16_coupled
 
 /
 
 &diag_manager_nml
   prepend_date = .false.
 
 /
 
 &fms_io_nml
   checksum_required = .false.
   max_files_r = 100
   max_files_w = 100
 
 /
 
 &fms_nml
   clock_grain = 'ROUTINE'
   domains_stack_size = 3000000
   print_memory_usage = .false.
 
 /
 
 &fv_core_nml
   layout   = 6,8
   io_layout = 1,1
   npx      = 385
   npy      = 385
   ntiles   = 6,
   npz    = 127
   dz_min = 2
   psm_bc = 1
   grid_type = -1
   make_nh = .T.
   fv_debug = .false.
   range_warn = .false.
   reset_eta = .false.
   n_sponge = 42
   nudge_qv = .true.
   nudge_dz = .false.
   tau = 10.
   rf_cutoff = 7.5e2
   d2_bg_k1 = 0.20
   d2_bg_k2 = 0.04
   kord_tm = -9
   kord_mt = 9
   kord_wz = 9
   kord_tr = 9
   hydrostatic = .false.
   phys_hydrostatic = .false.
   use_hydro_pressure = .false.
   beta = 0.
   a_imp = 1.
   p_fac = 0.1
   k_split = 2
   n_split = 6
   nwat = 6
   na_init = 1
   d_ext = 0.
   dnats = 1
   fv_sg_adj = 450
   d2_bg = 0.
   nord = 2
   dddmp = 0.2
   d4_bg = 0.12
   vtdm4 = 0.02
   delt_max = 0.002
   ke_bg = 0.
   do_vort_damp = .true.
   external_ic = .T.
   external_eta = .true.
   gfs_phil = .false.
   nggps_ic = .T.
   mountain = .F.
   ncep_ic = .false.
   d_con = 1.
   hord_mt = 5
   hord_vt = 5
   hord_tm = 5
   hord_dp = -5
   hord_tr = 8
   adjust_dry_mass = .false.
   consv_te = 1.
   do_sat_adj = .true.
   consv_am = .false.
   fill = .true.
   dwind_2d = .false.
   print_freq = 6
   warm_start = .F.
   no_dycore = .false.
   z_tracer = .true.
   agrid_vel_rst = .true.
   read_increment = .false.
   res_latlon_dynamics = ""
 
 /
 
 &external_ic_nml
   filtered_terrain = .true.
   levp = 128
   gfs_dwinds = .true.
   checker_tr = .false.
   nt_checker = 0
 
 /
 
 &gfs_physics_nml
   fhzero       = 6
   oz_phys      = .false.
   oz_phys_2015 = .true.
   h2o_phys     = .true.
   ldiag3d      = .false.
   fhcyc        = 24
   use_ufo      = .true.
   pre_rad      = .false.
   ncld         = 5
   imp_physics  = 11
   pdfcld       = .false.
   fhswr        = 3600.
   fhlwr        = 3600.
   ialb         = 1
   iems         = 1
   iaer         = 5111
   icliq_sw     = 2
   iovr         = 3
   ico2         = 2
   isubc_sw     = 2
   isubc_lw     = 2
   isol         = 2
   lwhtr        = .true.
   swhtr        = .true.
   cnvgwd       = .true.
   shal_cnv     = .true.
   cal_pre      = .false.
   redrag       = .true.
   dspheat      = .true.
   hybedmf      = .false.
   satmedmf     = .true.
   isatmedmf    = 1
   lheatstrg    = .false.
   random_clds  = .false.
   trans_trac   = .true.
   cnvcld       = .true.
   imfshalcnv   = 2
   imfdeepcnv   = 2
   cdmbgwd      = 1.1,0.72,1.0,1.0
   prslrd0      = 0.
   ivegsrc      = 1
   isot         = 1
   lsoil        = 4
   lsm          = 1
   iopt_dveg    = 1
   iopt_crs     = 1
   iopt_btr     = 1
   iopt_run     = 1
   iopt_sfc     = 1
   iopt_frz     = 1
   iopt_inf     = 1
   iopt_rad     = 1
   iopt_alb     = 2
   iopt_snf     = 4
   iopt_tbot    = 2
   iopt_stc     = 1
   debug        = .false.
   frac_grid    = .T.
   nstf_name    = 0,0,0,0,0
   nst_anl      = .false.
   psautco      = 0.0008,0.0005
   prautco      = 0.00015,0.00015
   lgfdlmprad   = .true.
   effr_in      = .true.
   ldiag_ugwp   = .false.
   do_ugwp      = .false.
   do_tofd      = .true.
   cplflx       = .T.
   cplwav         = .T.
   cplwav2atm     = .T.
   min_seaice     = 1.0e-11
 
 /
 
 &gfdl_cloud_microphysics_nml
   sedi_transport = .true.
   do_sedi_heat = .false.
   rad_snow = .true.
   rad_graupel = .true.
   rad_rain = .true.
   const_vi = .F.
   const_vs = .F.
   const_vg = .F.
   const_vr = .F.
   vi_max = 1.
   vs_max = 2.
   vg_max = 12.
   vr_max = 12.
   qi_lim = 1.
   prog_ccn = .false.
   do_qa = .true.
   fast_sat_adj = .true.
   tau_l2v = 225.
   tau_v2l = 150.
   tau_g2v = 900.
   rthresh = 10.e-6  ! This is a key parameter for cloud water
   dw_land  = 0.16
   dw_ocean = 0.10
   ql_gen = 1.0e-3
   ql_mlt = 1.0e-3
   qi0_crt = 8.0E-5
   qs0_crt = 1.0e-3
   tau_i2s = 1000.
   c_psaci = 0.05
   c_pgacs = 0.01
   rh_inc = 0.30
   rh_inr = 0.30
   rh_ins = 0.30
   ccn_l = 300.
   ccn_o = 100.
   c_paut = 0.5
   c_cracw = 0.8
   use_ppm = .false.
   use_ccn = .true.
   mono_prof = .true.
   z_slope_liq  = .true.
   z_slope_ice  = .true.
   de_ice = .false.
   fix_negative = .true.
   icloud_f = 1
   mp_time = 150.
   reiflag = 2
 
 /
 
 &interpolator_nml
   interp_method = 'conserve_great_circle'
 
 /
 
 &namsfc
        FNGLAC   = "global_glacier.2x2.grb",
        FNMXIC   = "global_maxice.2x2.grb",
        FNTSFC   = "RTGSST.1982.2012.monthly.clim.grb",
        FNSNOC   = "global_snoclim.1.875.grb",
        FNZORC   = "igbp",
        FNALBC   = 'global_snowfree_albedo.bosu.t766.1536.768.rg.grb',
        FNALBC2  = "global_albedo4.1x1.grb",
        FNAISC   = "CFSR.SEAICE.1982.2012.monthly.clim.grb",
        FNTG3C   = "global_tg3clim.2.6x1.5.grb",
        FNVEGC   = "global_vegfrac.0.144.decpercent.grb",
        FNVETC   = 'global_vegtype.igbp.t766.1536.768.rg.grb',
        FNSOTC   = 'global_soiltype.statsgo.t766.1536.768.rg.grb',
        FNSMCC   = 'global_soilmgldas.statsgo.t766.1536.768.grb',
        FNMSKH   = "global_slmask.t1534.3072.1536.grb",
        FNTSFA   = "",
        FNACNA   = "",
        FNSNOA   = "",
        FNVMNC   = "global_shdmin.0.144x0.144.grb",
        FNVMXC   = "global_shdmax.0.144x0.144.grb",
        FNSLPC   = "global_slope.1x1.grb",
        FNABSC   = 'global_mxsnoalb.uariz.t766.1536.768.rg.grb',
        LDEBUG   =.false.,
   FSMCL(2) = 99999
   FSMCL(3) = 99999
   FSMCL(4) = 99999
   LANDICE = .true.
   FTSFS = 90
   FAISL = 99999
   FAISS = 99999
   FSNOL = 99999
   FSNOS = 99999
   FSICL = 99999
   FSICS = 99999
   FTSFL = 99999
   FVETL = 99999
   FSOTL = 99999
   FvmnL = 99999
   FvmxL = 99999
   FSLPL = 99999
   FABSL = 99999
 
 /
 
 &fv_grid_nml
   grid_file = 'INPUT/grid_spec.nc'
 
 /
 
 &nam_stochy
 /
 &nam_sfcperts
 /
 
 &cires_ugwp_nml
   knob_ugwp_solver  = 2
   knob_ugwp_source  = 1,1,0,0
   knob_ugwp_wvspec  = 1,25,25,25
   knob_ugwp_azdir   = 2,4,4,4
   knob_ugwp_stoch   = 0,0,0,0
   knob_ugwp_effac   = 1,1,1,1
   knob_ugwp_doaxyz  = 1
   knob_ugwp_doheat  = 1
   knob_ugwp_dokdis  = 1
   knob_ugwp_ndx4lh  = 1
   knob_ugwp_version = 0
   launch_level      = 54
 /
 
  &MOM_input_nml
          output_directory = 'MOM6_OUTPUT/',
          input_filename = 'r'
          restart_input_dir = 'INPUT/',
          restart_output_dir = 'RESTART/',
          parameter_filename = 'INPUT/MOM_input',
                               'INPUT/MOM_override' /
 
 

MPP module unknown
MPP started with NPES=   288
Using MPI library for message passing...
Realtime clock resolution=  4.1765E-10 sec (2394373077 ticks/sec)
Clock rolls over after   3.8521E+09 sec ( 9223372036854775806 ticks)

MPP Parameter module unknown

MPP Data module unknown

MPP_DOMAINS module unknown
 &MPP_IO_NML
 HEADER_BUFFER_VAL       =       16384,
 GLOBAL_FIELD_ON_ROOT_PE = T,
 IO_CLOCKS_ON    = F,
 SHUFFLE =           0,
 DEFLATE_LEVEL   =          -1,
 CF_COMPLIANCE   = F
 /

MPP_IO module unknown

Using netCDF library version 4.7.4 of Apr 14 2021 19:56:28 $

================================================================================
FMS_IO_MOD
unknown

================================================================================
FMS_MOD
unknown
 &FMS_NML
 READ_ALL_PE     = T,
 CLOCK_GRAIN     = ROUTINE         ,
 CLOCK_FLAGS     = NONE            ,
 WARNING_LEVEL   = warning ,
 STACK_SIZE      =           0,
 DOMAINS_STACK_SIZE      =     3000000,
 PRINT_MEMORY_USAGE      = F
 /
 nml_error_codes=

================================================================================
CONSTANTS_MOD
unknown

================================================================================
SAT_VAPOR_PRES_MOD
unknown
 &SAT_VAPOR_PRES_NML
 SHOW_BAD_VALUE_COUNT_BY_SLICE   = T,
 SHOW_ALL_BAD_VALUES     = F,
 USE_EXACT_QS    = F,
 DO_SIMPLE       = F,
 CONSTRUCT_TABLE_WRT_LIQ = F,
 CONSTRUCT_TABLE_WRT_LIQ_AND_ICE = F
 /

================================================================================
TIME_MANAGER_MOD
unknown

================================================================================
DIAG_UTIL_MOD
unknown

================================================================================
DIAG_DATA_MOD
unknown

================================================================================
DIAG_MANAGER_MOD
unknown
 &DIAG_MANAGER_NML
 APPEND_PELIST_NAME      = F,
 MIX_SNAPSHOT_AVERAGE_FIELDS     = F,
 MAX_OUTPUT_FIELDS       =         300,
 MAX_INPUT_FIELDS        =         600,
 MAX_AXES        =          60,
 DO_DIAG_FIELD_LOG       = F,
 WRITE_BYTES_IN_FILE     = F,
 DEBUG_DIAG_MANAGER      = F,
 MAX_NUM_AXIS_SETS       =          25,
 MAX_FILES       =          31,
 USE_CMOR        = F,
 ISSUE_OOR_WARNINGS      = T,
 OOR_WARNINGS_FATAL      = F,
 MAX_OUT_PER_IN_FIELD    =         150,
 FLUSH_NC_FILES  = F,
 REGION_OUT_USE_ALT_VALUE        = T,
 MAX_FIELD_ATTRIBUTES    =           4,
 MAX_FILE_ATTRIBUTES     =           2,
 MAX_AXIS_ATTRIBUTES     =           4,
 PREPEND_DATE    = F,
 USE_MPP_IO      = F
 /
========================================================================
READ_ASCII_FILE: unknown
READ_ASCII_FILE: File: diag_table
base date used = 2013 April  1  0:00:00 gmt

================================================================================
DIAG_AXIS_MOD
unknown
========================================================================
READ_ASCII_FILE: unknown
READ_ASCII_FILE: File: input.nml
========================================================================
READ_INPUT_NML: unknown
READ_INPUT_NML: input.nml 
 &amip_interp_nml
   interp_oi_sst = .true.
   use_ncep_sst = .true.
   use_ncep_ice = .false.
   no_anom_sst = .false.
   data_set = 'reynolds_oi'
   date_out_of_range = 'climo'
 
 /
 
 &atmos_model_nml
   blocksize = 32
   chksum_debug = .false.
   dycore_only = .false.
   fdiag = 6
   fhmax = 6
   fhout = 6
   fhmaxhf = -1
   fhouthf = -1
   ccpp_suite = FV3_GFS_v16_coupled
 
 /
 
 &diag_manager_nml
   prepend_date = .false.
 
 /
 
 &fms_io_nml
   checksum_required = .false.
   max_files_r = 100
   max_files_w = 100
 
 /
 
 &fms_nml
   clock_grain = 'ROUTINE'
   domains_stack_size = 3000000
   print_memory_usage = .false.
 
 /
 
 &fv_core_nml
   layout   = 6,8
   io_layout = 1,1
   npx      = 385
   npy      = 385
   ntiles   = 6,
   npz    = 127
   dz_min = 2
   psm_bc = 1
   grid_type = -1
   make_nh = .T.
   fv_debug = .false.
   range_warn = .false.
   reset_eta = .false.
   n_sponge = 42
   nudge_qv = .true.
   nudge_dz = .false.
   tau = 10.
   rf_cutoff = 7.5e2
   d2_bg_k1 = 0.20
   d2_bg_k2 = 0.04
   kord_tm = -9
   kord_mt = 9
   kord_wz = 9
   kord_tr = 9
   hydrostatic = .false.
   phys_hydrostatic = .false.
   use_hydro_pressure = .false.
   beta = 0.
   a_imp = 1.
   p_fac = 0.1
   k_split = 2
   n_split = 6
   nwat = 6
   na_init = 1
   d_ext = 0.
   dnats = 1
   fv_sg_adj = 450
   d2_bg = 0.
   nord = 2
   dddmp = 0.2
   d4_bg = 0.12
   vtdm4 = 0.02
   delt_max = 0.002
   ke_bg = 0.
   do_vort_damp = .true.
   external_ic = .T.
   external_eta = .true.
   gfs_phil = .false.
   nggps_ic = .T.
   mountain = .F.
   ncep_ic = .false.
   d_con = 1.
   hord_mt = 5
   hord_vt = 5
   hord_tm = 5
   hord_dp = -5
   hord_tr = 8
   adjust_dry_mass = .false.
   consv_te = 1.
   do_sat_adj = .true.
   consv_am = .false.
   fill = .true.
   dwind_2d = .false.
   print_freq = 6
   warm_start = .F.
   no_dycore = .false.
   z_tracer = .true.
   agrid_vel_rst = .true.
   read_increment = .false.
   res_latlon_dynamics = ""
 
 /
 
 &external_ic_nml
   filtered_terrain = .true.
   levp = 128
   gfs_dwinds = .true.
   checker_tr = .false.
   nt_checker = 0
 
 /
 
 &gfs_physics_nml
   fhzero       = 6
   oz_phys      = .false.
   oz_phys_2015 = .true.
   h2o_phys     = .true.
   ldiag3d      = .false.
   fhcyc        = 24
   use_ufo      = .true.
   pre_rad      = .false.
   ncld         = 5
   imp_physics  = 11
   pdfcld       = .false.
   fhswr        = 3600.
   fhlwr        = 3600.
   ialb         = 1
   iems         = 1
   iaer         = 5111
   icliq_sw     = 2
   iovr         = 3
   ico2         = 2
   isubc_sw     = 2
   isubc_lw     = 2
   isol         = 2
   lwhtr        = .true.
   swhtr        = .true.
   cnvgwd       = .true.
   shal_cnv     = .true.
   cal_pre      = .false.
   redrag       = .true.
   dspheat      = .true.
   hybedmf      = .false.
   satmedmf     = .true.
   isatmedmf    = 1
   lheatstrg    = .false.
   random_clds  = .false.
   trans_trac   = .true.
   cnvcld       = .true.
   imfshalcnv   = 2
   imfdeepcnv   = 2
   cdmbgwd      = 1.1,0.72,1.0,1.0
   prslrd0      = 0.
   ivegsrc      = 1
   isot         = 1
   lsoil        = 4
   lsm          = 1
   iopt_dveg    = 1
   iopt_crs     = 1
   iopt_btr     = 1
   iopt_run     = 1
   iopt_sfc     = 1
   iopt_frz     = 1
   iopt_inf     = 1
   iopt_rad     = 1
   iopt_alb     = 2
   iopt_snf     = 4
   iopt_tbot    = 2
   iopt_stc     = 1
   debug        = .false.
   frac_grid    = .T.
   nstf_name    = 0,0,0,0,0
   nst_anl      = .false.
   psautco      = 0.0008,0.0005
   prautco      = 0.00015,0.00015
   lgfdlmprad   = .true.
   effr_in      = .true.
   ldiag_ugwp   = .false.
   do_ugwp      = .false.
   do_tofd      = .true.
   cplflx       = .T.
   cplwav         = .T.
   cplwav2atm     = .T.
   min_seaice     = 1.0e-11
 
 /
 
 &gfdl_cloud_microphysics_nml
   sedi_transport = .true.
   do_sedi_heat = .false.
   rad_snow = .true.
   rad_graupel = .true.
   rad_rain = .true.
   const_vi = .F.
   const_vs = .F.
   const_vg = .F.
   const_vr = .F.
   vi_max = 1.
   vs_max = 2.
   vg_max = 12.
   vr_max = 12.
   qi_lim = 1.
   prog_ccn = .false.
   do_qa = .true.
   fast_sat_adj = .true.
   tau_l2v = 225.
   tau_v2l = 150.
   tau_g2v = 900.
   rthresh = 10.e-6  ! This is a key parameter for cloud water
   dw_land  = 0.16
   dw_ocean = 0.10
   ql_gen = 1.0e-3
   ql_mlt = 1.0e-3
   qi0_crt = 8.0E-5
   qs0_crt = 1.0e-3
   tau_i2s = 1000.
   c_psaci = 0.05
   c_pgacs = 0.01
   rh_inc = 0.30
   rh_inr = 0.30
   rh_ins = 0.30
   ccn_l = 300.
   ccn_o = 100.
   c_paut = 0.5
   c_cracw = 0.8
   use_ppm = .false.
   use_ccn = .true.
   mono_prof = .true.
   z_slope_liq  = .true.
   z_slope_ice  = .true.
   de_ice = .false.
   fix_negative = .true.
   icloud_f = 1
   mp_time = 150.
   reiflag = 2
 
 /
 
 &interpolator_nml
   interp_method = 'conserve_great_circle'
 
 /
 
 &namsfc
        FNGLAC   = "global_glacier.2x2.grb",
        FNMXIC   = "global_maxice.2x2.grb",
        FNTSFC   = "RTGSST.1982.2012.monthly.clim.grb",
        FNSNOC   = "global_snoclim.1.875.grb",
        FNZORC   = "igbp",
        FNALBC   = 'global_snowfree_albedo.bosu.t766.1536.768.rg.grb',
        FNALBC2  = "global_albedo4.1x1.grb",
        FNAISC   = "CFSR.SEAICE.1982.2012.monthly.clim.grb",
        FNTG3C   = "global_tg3clim.2.6x1.5.grb",
        FNVEGC   = "global_vegfrac.0.144.decpercent.grb",
        FNVETC   = 'global_vegtype.igbp.t766.1536.768.rg.grb',
        FNSOTC   = 'global_soiltype.statsgo.t766.1536.768.rg.grb',
        FNSMCC   = 'global_soilmgldas.statsgo.t766.1536.768.grb',
        FNMSKH   = "global_slmask.t1534.3072.1536.grb",
        FNTSFA   = "",
        FNACNA   = "",
        FNSNOA   = "",
        FNVMNC   = "global_shdmin.0.144x0.144.grb",
        FNVMXC   = "global_shdmax.0.144x0.144.grb",
        FNSLPC   = "global_slope.1x1.grb",
        FNABSC   = 'global_mxsnoalb.uariz.t766.1536.768.rg.grb',
        LDEBUG   =.false.,
   FSMCL(2) = 99999
   FSMCL(3) = 99999
   FSMCL(4) = 99999
   LANDICE = .true.
   FTSFS = 90
   FAISL = 99999
   FAISS = 99999
   FSNOL = 99999
   FSNOS = 99999
   FSICL = 99999
   FSICS = 99999
   FTSFL = 99999
   FVETL = 99999
   FSOTL = 99999
   FvmnL = 99999
   FvmxL = 99999
   FSLPL = 99999
   FABSL = 99999
 
 /
 
 &fv_grid_nml
   grid_file = 'INPUT/grid_spec.nc'
 
 /
 
 &nam_stochy
 /
 &nam_sfcperts
 /
 
 &cires_ugwp_nml
   knob_ugwp_solver  = 2
   knob_ugwp_source  = 1,1,0,0
   knob_ugwp_wvspec  = 1,25,25,25
   knob_ugwp_azdir   = 2,4,4,4
   knob_ugwp_stoch   = 0,0,0,0
   knob_ugwp_effac   = 1,1,1,1
   knob_ugwp_doaxyz  = 1
   knob_ugwp_doheat  = 1
   knob_ugwp_dokdis  = 1
   knob_ugwp_ndx4lh  = 1
   knob_ugwp_version = 0
   launch_level      = 54
 /
 
  &MOM_input_nml
          output_directory = 'MOM6_OUTPUT/',
          input_filename = 'r'
          restart_input_dir = 'INPUT/',
          restart_output_dir = 'RESTART/',
          parameter_filename = 'INPUT/MOM_input',
                               'INPUT/MOM_override' /
 
 

================================================================================
FV_CONTROL_MOD
unknown
 &FV_GRID_NML
 GRID_NAME       =                                                                                 ,
 GRID_FILE       = INPUT/grid_spec.nc                                                                                                
       
 /

================================================================================
FV_CONTROL_MOD
unknown
 &FV_CORE_NML
 NPX     =         385,
 NPY     =         385,
 NTILES  =           6,
 NPZ     =         127,
 NPZ_TYPE        = gfs                     ,
 NPZ_RST =           0,
 LAYOUT  =           6,           8,
 IO_LAYOUT       = 2*1,
 NCNST   =           0,
 NWAT    =           6,
 USE_LOGP        = F,
 P_FAC   =  0.100000000000000     ,
 A_IMP   =   1.00000000000000     ,
 K_SPLIT =           2,
 N_SPLIT =           6,
 M_SPLIT =           0,
 Q_SPLIT =           0,
 PRINT_FREQ      =           6,
 WRITE_3D_DIAGS  = T,
 DO_SCHMIDT      = F,
 DO_CUBE_TRANSFORM       = F,
 HORD_MT =           5,
 HORD_VT =           5,
 HORD_TM =           5,
 HORD_DP =          -5,
 HORD_TR =           8,
 SHIFT_FAC       =   18.0000000000000     ,
 STRETCH_FAC     =   1.00000000000000     ,
 TARGET_LAT      =  -90.0000000000000     ,
 TARGET_LON      =  0.000000000000000E+000,
 KORD_MT =           9,
 KORD_WZ =           9,
 KORD_TM =          -9,
 KORD_TR =           9,
 FV_DEBUG        = F,
 FV_LAND = F,
 NUDGE   = F,
 DO_SAT_ADJ      = T,
 DO_INLINE_MP    = F,
 DO_F3D  = F,
 EXTERNAL_IC     = T,
 READ_INCREMENT  = F,
 NCEP_IC = F,
 NGGPS_IC        = T,
 HRRRV3_IC       = F,
 ECMWF_IC        = F,
 USE_NEW_NCEP    = F,
 USE_NCEP_PHY    = F,
 FV_DIAG_IC      = F,
 EXTERNAL_ETA    = T,
 RES_LATLON_DYNAMICS     =                                                                                                           
                       ,
 RES_LATLON_TRACERS      =                                                                                                           
                       ,
 SCALE_Z =  0.000000000000000E+000,
 W_MAX   =   75.0000000000000     ,
 Z_MIN   =  5.000000000000000E-002,
 LIM_FAC =   1.00000000000000     ,
 DDDMP   =  0.200000000000000     ,
 D2_BG   =  0.000000000000000E+000,
 D4_BG   =  0.120000000000000     ,
 VTDM4   =  2.000000000000000E-002,
 TRDM2   =  0.000000000000000E+000,
 D_EXT   =  0.000000000000000E+000,
 DELT_MAX        =  2.000000000000000E-003,
 BETA    =  0.000000000000000E+000,
 NON_ORTHO       = T,
 N_SPONGE        =          42,
 WARM_START      = F,
 ADJUST_DRY_MASS = F,
 MOUNTAIN        = F,
 D_CON   =   1.00000000000000     ,
 KE_BG   =  0.000000000000000E+000,
 NORD    =           2,
 NORD_TR =           0,
 CONVERT_KE      = F,
 USE_OLD_OMEGA   = T,
 DRY_MASS        =   98290.0000000000     ,
 GRID_TYPE       =          -1,
 DO_HELD_SUAREZ  = F,
 DO_REED_PHYSICS = F,
 REED_COND_ONLY  = F,
 CONSV_TE        =   1.00000000000000     ,
 FILL    = T,
 FILTER_PHYS     = F,
 FILL_DP = F,
 FILL_WZ = F,
 FILL_GFS        = T,
 CONSV_AM        = F,
 RF_FAST = F,
 RANGE_WARN      = F,
 DWIND_2D        = F,
 INLINE_Q        = F,
 Z_TRACER        = T,
 REPRODUCE_SUM   = T,
 ADIABATIC       = F,
 DO_VORT_DAMP    = T,
 NO_DYCORE       = F,
 TAU     =   10.0000000000000     ,
 TAU_H2O =  0.000000000000000E+000,
 RF_CUTOFF       =   750.000000000000     ,
 NF_OMEGA        =           1,
 HYDROSTATIC     = F,
 FV_SG_ADJ       =         450,
 SG_CUTOFF       =  -1.00000000000000     ,
 BREED_VORTEX_INLINE     = F,
 NA_INIT =           1,
 NUDGE_DZ        = F,
 HYBRID_Z        = F,
 MAKE_NH = T,
 N_ZS_FILTER     =           0,
 NORD_ZS_FILTER  =           4,
 FULL_ZS_FILTER  = F,
 RESET_ETA       = F,
 PNATS   =           0,
 DNATS   =           1,
 DNRTS   =          -1,
 A2B_ORD =           4,
 REMAP_T = T,
 P_REF   =   100000.000000000     ,
 D2_BG_K1        =  0.200000000000000     ,
 D2_BG_K2        =  4.000000000000000E-002,
 C2L_ORD =           4,
 DX_CONST        =   1000.00000000000     ,
 DY_CONST        =   1000.00000000000     ,
 UMAX    =   350.000000000000     ,
 DEGLAT  =   15.0000000000000     ,
 DEGLON_START    =  -30.0000000000000     ,
 DEGLON_STOP     =   30.0000000000000     ,
 DEGLAT_START    =  -30.0000000000000     ,
 DEGLAT_STOP     =   30.0000000000000     ,
 PHYS_HYDROSTATIC        = F,
 USE_HYDRO_PRESSURE      = F,
 MAKE_HYBRID_Z   = F,
 OLD_DIVG_DAMP   = F,
 ADD_NOISE       =  -1.00000000000000     ,
 BUTTERFLY_EFFECT        = F,
 DZ_MIN  =   2.00000000000000     ,
 PSM_BC  =           1,
 NESTED  = F,
 TWOWAYNEST      = T,
 NUDGE_QV        = T,
 NESTBCTYPE      =           1,
 NESTUPDATE      =           7,
 NSPONGE =           0,
 S_WEIGHT        =  1.000000000000000E-006,
 CHECK_NEGATIVE  = F,
 NUDGE_IC        = F,
 HALO_UPDATE_TYPE        =           1,
 GFS_PHIL        = F,
 AGRID_VEL_RST   = T,
 DO_UNI_ZFULL    = F,
 ADJ_MASS_VMR    = F,
 FAC_N_SPL       =   1.00000000000000     ,
 FHOURI  =  0.000000000000000E+000,
 UPDATE_BLEND    =   1.00000000000000     ,
 REGIONAL        = F,
 BC_UPDATE_INTERVAL      =           3,
 REGIONAL_BCS_FROM_GSI   = F,
 WRITE_RESTART_WITH_BCS  = F,
 NROWS_BLEND     =           0,
 WRITE_COARSE_RESTART_FILES      = F,
 WRITE_COARSE_DIAGNOSTICS        = F,
 WRITE_ONLY_COARSE_INTERMEDIATE_RESTARTS = F,
 WRITE_COARSE_AGRID_VEL_RST      = F,
 WRITE_COARSE_DGRID_VEL_RST      = T
 /
 &TEST_CASE_NML
 TEST_CASE       =          11,
 BUBBLE_DO       = F,
 ALPHA   =  0.000000000000000E+000,
 NSOLITONS       =           1,
 SOLITON_UMAX    =   50.0000000000000     ,
 SOLITON_SIZE    =   750000.000000000     
 /

Cubic: cubed-sphere domain decomposition:     6 X    8
   pe,   is,  ie,  js,  je,    isd, ied, jsd, jed

Cubic: cubed-sphere domain decomposition:     6 X    8
   pe,   is,  ie,  js,  je,    isd, ied, jsd, jed

================================================================================
TRACER_MANAGER_MOD
unknown

================================================================================
FIELD_MANAGER_MOD
unknown
# added by FRE: sphum must be present in atmos                                                                                                                                                                                                                                                                                                                                                                                                                                                                                                                                                                                                                                                                                                                                                                                                                                                                                                                                                                                                                  
# specific humidity for moist runs                                                                                                                                                                                                                                                                                                                                                                                                                                                                                                                                                                                                                                                                                                                                                                                                                                                                                                                                                                                                                              
 "TRACER", "atmos_mod", "sphum"                                                                                                                                                                                                                                                                                                                                                                                                                                                                                                                                                                                                                                                                                                                                                                                                                                                                                                                                                                                                                                 
# prognostic cloud water mixing ratio                                                                                                                                                                                                                                                                                                                                                                                                                                                                                                                                                                                                                                                                                                                                                                                                                                                                                                                                                                                                                           
 "TRACER", "atmos_mod", "liq_wat"                                                                                                                                                                                                                                                                                                                                                                                                                                                                                                                                                                                                                                                                                                                                                                                                                                                                                                                                                                                                                               
 "TRACER", "atmos_mod", "rainwat"                                                                                                                                                                                                                                                                                                                                                                                                                                                                                                                                                                                                                                                                                                                                                                                                                                                                                                                                                                                                                               
 "TRACER", "atmos_mod", "ice_wat"                                                                                                                                                                                                                                                                                                                                                                                                                                                                                                                                                                                                                                                                                                                                                                                                                                                                                                                                                                                                                               
 "TRACER", "atmos_mod", "snowwat"                                                                                                                                                                                                                                                                                                                                                                                                                                                                                                                                                                                                                                                                                                                                                                                                                                                                                                                                                                                                                               
 "TRACER", "atmos_mod", "graupel"                                                                                                                                                                                                                                                                                                                                                                                                                                                                                                                                                                                                                                                                                                                                                                                                                                                                                                                                                                                                                               
# prognostic ozone mixing ratio tracer                                                                                                                                                                                                                                                                                                                                                                                                                                                                                                                                                                                                                                                                                                                                                                                                                                                                                                                                                                                                                          
 "TRACER", "atmos_mod", "o3mr"                                                                                                                                                                                                                                                                                                                                                                                                                                                                                                                                                                                                                                                                                                                                                                                                                                                                                                                                                                                                                                  
# prognostic subgrid scale turbulent kinetic energy                                                                                                                                                                                                                                                                                                                                                                                                                                                                                                                                                                                                                                                                                                                                                                                                                                                                                                                                                                                                             
 "TRACER", "atmos_mod", "sgs_tke"                                                                                                                                                                                                                                                                                                                                                                                                                                                                                                                                                                                                                                                                                                                                                                                                                                                                                                                                                                                                                               
# non-prognostic cloud amount                                                                                                                                                                                                                                                                                                                                                                                                                                                                                                                                                                                                                                                                                                                                                                                                                                                                                                                                                                                                                                   
 "TRACER", "atmos_mod", "cld_amt"                                                                                                                                                                                                                                                                                                                                                                                                                                                                                                                                                                                                                                                                                                                                                                                                                                                                                                                                                                                                                               
 ----------------------------------------------------
 Contents of tracer entry            1
 Model type and field name
 Model                :            1
 Field name           : sphum
 Tracer units         : kg/kg
 Tracer longname      : specific humidity
 Tracer is_prognostic :  T
 ----------------------------------------------------
 ----------------------------------------------------
 Contents of tracer entry            2
 Model type and field name
 Model                :            1
 Field name           : liq_wat
 Tracer units         : kg/kg
 Tracer longname      : cloud water mixing ratio
 Tracer is_prognostic :  T
 ----------------------------------------------------
 ----------------------------------------------------
 Contents of tracer entry            3
 Model type and field name
 Model                :            1
 Field name           : rainwat
 Tracer units         : kg/kg
 Tracer longname      : rain mixing ratio
 Tracer is_prognostic :  T
 ----------------------------------------------------
 ----------------------------------------------------
 Contents of tracer entry            4
 Model type and field name
 Model                :            1
 Field name           : ice_wat
 Tracer units         : kg/kg
 Tracer longname      : cloud ice mixing ratio
 Tracer is_prognostic :  T
 ----------------------------------------------------
 ----------------------------------------------------
 Contents of tracer entry            5
 Model type and field name
 Model                :            1
 Field name           : snowwat
 Tracer units         : kg/kg
 Tracer longname      : snow mixing ratio
 Tracer is_prognostic :  T
 ----------------------------------------------------
 ----------------------------------------------------
 Contents of tracer entry            6
 Model type and field name
 Model                :            1
 Field name           : graupel
 Tracer units         : kg/kg
 Tracer longname      : graupel mixing ratio
 Tracer is_prognostic :  T
 ----------------------------------------------------
 ----------------------------------------------------
 Contents of tracer entry            7
 Model type and field name
 Model                :            1
 Field name           : o3mr
 Tracer units         : kg/kg
 Tracer longname      : ozone mixing ratio
 Tracer is_prognostic :  T
 ----------------------------------------------------
 ----------------------------------------------------
 Contents of tracer entry            8
 Model type and field name
 Model                :            1
 Field name           : sgs_tke
 Tracer units         : m2/s2
 Tracer longname      : subgrid scale turbulent kinetic energy
 Tracer is_prognostic :  T
 ----------------------------------------------------
 ----------------------------------------------------
 Contents of tracer entry            9
 Model type and field name
 Model                :            1
 Field name           : cld_amt
 Tracer units         : 1
 Tracer longname      : cloud amount
 Tracer is_prognostic :  T
 ----------------------------------------------------
Number of tracers in field table for atmospheric model =    9
Number of tracers in field table for oceanic model =    0
Number of tracers in field table for land model =    0
Number of tracers in field table for ice model =    0
Number of tracers in field table for coupler model =    0

================================================================================
fvGFS/atmosphere_mod
unknown

================================================================================
EXTERNAL_IC_MOD::get_nggps_ic
unknown
 &EXTERNAL_IC_NML
 FILTERED_TERRAIN        = T,
 LEVP    =         128,
 GFS_DWINDS      = T,
 CHECKER_TR      = F,
 NT_CHECKER      =           0
 /
