 (module_MED:InitializeP0): Mediator verbosity is set to 0
 (module_MED:InitializeP0): Mediator profiling is set to 0
 ========================================================
 (module_MED:InitializeIPDv03p1) Mediator Coupling Mode is nems_frac
 ========================================================
 
 
 atm_name=fv3
 ocn_name=mom6
 ice_name=cice6
 
 
 (module_MED:InitializeIPDv03p1):Fr_atm: cpl_scalars
 (module_MED:InitializeIPDv03p1):Fr_atm: Sa_ofrac
 (module_MED:InitializeIPDv03p1):Fr_atm: Sa_pslv
 (module_MED:InitializeIPDv03p1):Fr_atm: Faxa_swndr
 (module_MED:InitializeIPDv03p1):Fr_atm: Faxa_swndf
 (module_MED:InitializeIPDv03p1):Fr_atm: Faxa_swvdr
 (module_MED:InitializeIPDv03p1):Fr_atm: Faxa_swvdf
 (module_MED:InitializeIPDv03p1):Fr_atm: Faxa_rain
 (module_MED:InitializeIPDv03p1):Fr_atm: Faxa_snow
 (module_MED:InitializeIPDv03p1):Fr_atm: Faxa_taux
 (module_MED:InitializeIPDv03p1):Fr_atm: Faxa_tauy
 (module_MED:InitializeIPDv03p1):Fr_atm: Faxa_lwnet
 (module_MED:InitializeIPDv03p1):Fr_atm: Faxa_sen
 (module_MED:InitializeIPDv03p1):Fr_atm: Faxa_lat
 (module_MED:InitializeIPDv03p1):Fr_atm: Faxa_lwdn
 (module_MED:InitializeIPDv03p1):Fr_atm: Sa_z
 (module_MED:InitializeIPDv03p1):Fr_atm: Sa_pbot
 (module_MED:InitializeIPDv03p1):Fr_atm: Sa_tbot
 (module_MED:InitializeIPDv03p1):Fr_atm: Sa_u
 (module_MED:InitializeIPDv03p1):Fr_atm: Sa_v
 (module_MED:InitializeIPDv03p1):Fr_atm: Sa_shum
 (module_MED:InitializeIPDv03p1):To_atm: cpl_scalars
 (module_MED:InitializeIPDv03p1):To_atm: Si_ifrac
 (module_MED:InitializeIPDv03p1):To_atm: Faii_taux
 (module_MED:InitializeIPDv03p1):To_atm: Faii_tauy
 (module_MED:InitializeIPDv03p1):To_atm: Faii_lat
 (module_MED:InitializeIPDv03p1):To_atm: Faii_sen
 (module_MED:InitializeIPDv03p1):To_atm: Faii_lwup
 (module_MED:InitializeIPDv03p1):To_atm: Faii_evap
 (module_MED:InitializeIPDv03p1):To_atm: Si_vice
 (module_MED:InitializeIPDv03p1):To_atm: Si_vsno
 (module_MED:InitializeIPDv03p1):To_atm: Si_t
 (module_MED:InitializeIPDv03p1):To_atm: So_t
 
 (module_MED:InitializeIPDv03p1):Fr_lnd: cpl_scalars
 (module_MED:InitializeIPDv03p1):To_lnd: cpl_scalars
 
 (module_MED:InitializeIPDv03p1):Fr_ocn: cpl_scalars
 (module_MED:InitializeIPDv03p1):Fr_ocn: So_omask
 (module_MED:InitializeIPDv03p1):Fr_ocn: So_t
 (module_MED:InitializeIPDv03p1):Fr_ocn: So_s
 (module_MED:InitializeIPDv03p1):Fr_ocn: So_u
 (module_MED:InitializeIPDv03p1):Fr_ocn: So_v
 (module_MED:InitializeIPDv03p1):Fr_ocn: So_dhdx
 (module_MED:InitializeIPDv03p1):Fr_ocn: So_dhdy
 (module_MED:InitializeIPDv03p1):Fr_ocn: Fioo_q
 (module_MED:InitializeIPDv03p1):To_ocn: cpl_scalars
 (module_MED:InitializeIPDv03p1):To_ocn: Sa_pslv
 (module_MED:InitializeIPDv03p1):To_ocn: Faxa_swndr
 (module_MED:InitializeIPDv03p1):To_ocn: Faxa_swndf
 (module_MED:InitializeIPDv03p1):To_ocn: Faxa_swvdr
 (module_MED:InitializeIPDv03p1):To_ocn: Faxa_swvdf
 (module_MED:InitializeIPDv03p1):To_ocn: Foxx_swnet_vdr
 (module_MED:InitializeIPDv03p1):To_ocn: Foxx_swnet_vdf
 (module_MED:InitializeIPDv03p1):To_ocn: Foxx_swnet_idr
 (module_MED:InitializeIPDv03p1):To_ocn: Foxx_swnet_idf
 (module_MED:InitializeIPDv03p1):To_ocn: Faxa_rain
 (module_MED:InitializeIPDv03p1):To_ocn: Faxa_snow
 (module_MED:InitializeIPDv03p1):To_ocn: Foxx_taux
 (module_MED:InitializeIPDv03p1):To_ocn: Foxx_tauy
 (module_MED:InitializeIPDv03p1):To_ocn: Faxa_lwnet
 (module_MED:InitializeIPDv03p1):To_ocn: Faxa_sen
 (module_MED:InitializeIPDv03p1):To_ocn: Faxa_evap
 (module_MED:InitializeIPDv03p1):To_ocn: Fioi_meltw
 (module_MED:InitializeIPDv03p1):To_ocn: Fioi_melth
 (module_MED:InitializeIPDv03p1):To_ocn: Fioi_salt
 
 (module_MED:InitializeIPDv03p1):Fr_ice: cpl_scalars
 (module_MED:InitializeIPDv03p1):Fr_ice: Si_imask
 (module_MED:InitializeIPDv03p1):Fr_ice: Si_avsdf
 (module_MED:InitializeIPDv03p1):Fr_ice: Si_avsdr
 (module_MED:InitializeIPDv03p1):Fr_ice: Si_anidf
 (module_MED:InitializeIPDv03p1):Fr_ice: Si_anidr
 (module_MED:InitializeIPDv03p1):Fr_ice: Faii_evap
 (module_MED:InitializeIPDv03p1):Fr_ice: mean_sw_pen_to_ocn
 (module_MED:InitializeIPDv03p1):Fr_ice: Si_ifrac
 (module_MED:InitializeIPDv03p1):Fr_ice: Faii_taux
 (module_MED:InitializeIPDv03p1):Fr_ice: Faii_tauy
 (module_MED:InitializeIPDv03p1):Fr_ice: Faii_lat
 (module_MED:InitializeIPDv03p1):Fr_ice: Faii_sen
 (module_MED:InitializeIPDv03p1):Fr_ice: Faii_lwup
 (module_MED:InitializeIPDv03p1):Fr_ice: Si_vice
 (module_MED:InitializeIPDv03p1):Fr_ice: Si_vsno
 (module_MED:InitializeIPDv03p1):Fr_ice: Si_t
 (module_MED:InitializeIPDv03p1):Fr_ice: Fioi_swpen_vdr
 (module_MED:InitializeIPDv03p1):Fr_ice: Fioi_swpen_vdf
 (module_MED:InitializeIPDv03p1):Fr_ice: Fioi_swpen_idr
 (module_MED:InitializeIPDv03p1):Fr_ice: Fioi_swpen_idf
 (module_MED:InitializeIPDv03p1):Fr_ice: Fioi_taux
 (module_MED:InitializeIPDv03p1):Fr_ice: Fioi_tauy
 (module_MED:InitializeIPDv03p1):Fr_ice: Fioi_meltw
 (module_MED:InitializeIPDv03p1):Fr_ice: Fioi_melth
 (module_MED:InitializeIPDv03p1):Fr_ice: Fioi_salt
 (module_MED:InitializeIPDv03p1):To_ice: cpl_scalars
 (module_MED:InitializeIPDv03p1):To_ice: Faxa_lwdn
 (module_MED:InitializeIPDv03p1):To_ice: Faxa_swndr
 (module_MED:InitializeIPDv03p1):To_ice: Faxa_swvdr
 (module_MED:InitializeIPDv03p1):To_ice: Faxa_swndf
 (module_MED:InitializeIPDv03p1):To_ice: Faxa_swvdf
 (module_MED:InitializeIPDv03p1):To_ice: Faxa_rain
 (module_MED:InitializeIPDv03p1):To_ice: Faxa_snow
 (module_MED:InitializeIPDv03p1):To_ice: Sa_z
 (module_MED:InitializeIPDv03p1):To_ice: Sa_pbot
 (module_MED:InitializeIPDv03p1):To_ice: Sa_tbot
 (module_MED:InitializeIPDv03p1):To_ice: Sa_u
 (module_MED:InitializeIPDv03p1):To_ice: Sa_v
 (module_MED:InitializeIPDv03p1):To_ice: Sa_shum
 (module_MED:InitializeIPDv03p1):To_ice: So_t
 (module_MED:InitializeIPDv03p1):To_ice: So_s
 (module_MED:InitializeIPDv03p1):To_ice: So_u
 (module_MED:InitializeIPDv03p1):To_ice: So_v
 (module_MED:InitializeIPDv03p1):To_ice: So_dhdx
 (module_MED:InitializeIPDv03p1):To_ice: So_dhdy
 (module_MED:InitializeIPDv03p1):To_ice: Fioo_q
 
 (module_MED:InitializeIPDv03p1):Fr_rof: cpl_scalars
 (module_MED:InitializeIPDv03p1):To_rof: cpl_scalars
 
 (module_MED:InitializeIPDv03p1):Fr_wav: cpl_scalars
 (module_MED:InitializeIPDv03p1):To_wav: cpl_scalars
 
 (module_MED:InitializeIPDv03p1):Fr_glc: cpl_scalars
 (module_MED:InitializeIPDv03p1):To_glc: cpl_scalars
