 (module_MED:InitializeP0): Mediator verbosity is set to 0
 (module_MED:InitializeP0): Mediator profiling is set to 0
 ========================================================
 (module_MED:InitializeIPDv03p1) Mediator Coupling Mode is nems_orig
 ========================================================
 
 
 atm_name=fv3
 ocn_name=mom6
 ice_name=cice6
 
 
 (module_MED:InitializeIPDv03p1):Fr_atm: cpl_scalars
 (module_MED:InitializeIPDv03p1):Fr_atm: Sa_pslv
 (module_MED:InitializeIPDv03p1):Fr_atm: Faxa_swndr
 (module_MED:InitializeIPDv03p1):Fr_atm: Faxa_swndf
 (module_MED:InitializeIPDv03p1):Fr_atm: Faxa_swvdr
 (module_MED:InitializeIPDv03p1):Fr_atm: Faxa_swvdf
 (module_MED:InitializeIPDv03p1):Fr_atm: Faxa_rain
 (module_MED:InitializeIPDv03p1):Fr_atm: Faxa_snow
 (module_MED:InitializeIPDv03p1):Fr_atm: Faxa_taux
 (module_MED:InitializeIPDv03p1):Fr_atm: Faxa_tauy
 (module_MED:InitializeIPDv03p1):Fr_atm: Faxa_lwnet
 (module_MED:InitializeIPDv03p1):Fr_atm: Faxa_sen
 (module_MED:InitializeIPDv03p1):Fr_atm: Faxa_lat
 (module_MED:InitializeIPDv03p1):Fr_atm: Faxa_lwdn
 (module_MED:InitializeIPDv03p1):Fr_atm: Sa_z
 (module_MED:InitializeIPDv03p1):Fr_atm: Sa_pbot
 (module_MED:InitializeIPDv03p1):Fr_atm: Sa_tbot
 (module_MED:InitializeIPDv03p1):Fr_atm: Sa_u
 (module_MED:InitializeIPDv03p1):Fr_atm: Sa_v
 (module_MED:InitializeIPDv03p1):Fr_atm: Sa_shum
 (module_MED:InitializeIPDv03p1):To_atm: cpl_scalars
 (module_MED:InitializeIPDv03p1):To_atm: Si_ifrac
 (module_MED:InitializeIPDv03p1):To_atm: Faii_taux
 (module_MED:InitializeIPDv03p1):To_atm: Faii_tauy
 (module_MED:InitializeIPDv03p1):To_atm: Faii_lat
 (module_MED:InitializeIPDv03p1):To_atm: Faii_sen
 (module_MED:InitializeIPDv03p1):To_atm: Faii_lwup
 (module_MED:InitializeIPDv03p1):To_atm: Faii_evap
 (module_MED:InitializeIPDv03p1):To_atm: Si_vice
 (module_MED:InitializeIPDv03p1):To_atm: Si_vsno
 (module_MED:InitializeIPDv03p1):To_atm: Si_t
 (module_MED:InitializeIPDv03p1):To_atm: So_t
 
 (module_MED:InitializeIPDv03p1):Fr_lnd: cpl_scalars
 (module_MED:InitializeIPDv03p1):To_lnd: cpl_scalars
 
 (module_MED:InitializeIPDv03p1):Fr_ocn: cpl_scalars
 (module_MED:InitializeIPDv03p1):Fr_ocn: So_omask
 (module_MED:InitializeIPDv03p1):Fr_ocn: So_t
 (module_MED:InitializeIPDv03p1):Fr_ocn: So_s
 (module_MED:InitializeIPDv03p1):Fr_ocn: So_u
 (module_MED:InitializeIPDv03p1):Fr_ocn: So_v
 (module_MED:InitializeIPDv03p1):Fr_ocn: So_dhdx
 (module_MED:InitializeIPDv03p1):Fr_ocn: So_dhdy
 (module_MED:InitializeIPDv03p1):Fr_ocn: Fioo_q
 (module_MED:InitializeIPDv03p1):To_ocn: cpl_scalars
 (module_MED:InitializeIPDv03p1):To_ocn: Sa_pslv
 (module_MED:InitializeIPDv03p1):To_ocn: Faxa_swndr
 (module_MED:InitializeIPDv03p1):To_ocn: Faxa_swndf
 (module_MED:InitializeIPDv03p1):To_ocn: Faxa_swvdr
 (module_MED:InitializeIPDv03p1):To_ocn: Faxa_swvdf
 (module_MED:InitializeIPDv03p1):To_ocn: Foxx_swnet_vdr
 (module_MED:InitializeIPDv03p1):To_ocn: Foxx_swnet_vdf
 (module_MED:InitializeIPDv03p1):To_ocn: Foxx_swnet_idr
 (module_MED:InitializeIPDv03p1):To_ocn: Foxx_swnet_idf
 (module_MED:InitializeIPDv03p1):To_ocn: Faxa_rain
 (module_MED:InitializeIPDv03p1):To_ocn: Faxa_snow
 (module_MED:InitializeIPDv03p1):To_ocn: Foxx_taux
 (module_MED:InitializeIPDv03p1):To_ocn: Foxx_tauy
 (module_MED:InitializeIPDv03p1):To_ocn: Faxa_lwnet
 (module_MED:InitializeIPDv03p1):To_ocn: Faxa_sen
 (module_MED:InitializeIPDv03p1):To_ocn: Faxa_evap
 (module_MED:InitializeIPDv03p1):To_ocn: Fioi_meltw
 (module_MED:InitializeIPDv03p1):To_ocn: Fioi_melth
 (module_MED:InitializeIPDv03p1):To_ocn: Fioi_salt
 
 (module_MED:InitializeIPDv03p1):Fr_ice: cpl_scalars
 (module_MED:InitializeIPDv03p1):Fr_ice: Si_imask
 (module_MED:InitializeIPDv03p1):Fr_ice: Si_avsdf
 (module_MED:InitializeIPDv03p1):Fr_ice: Si_avsdr
 (module_MED:InitializeIPDv03p1):Fr_ice: Si_anidf
 (module_MED:InitializeIPDv03p1):Fr_ice: Si_anidr
 (module_MED:InitializeIPDv03p1):Fr_ice: Faii_evap
 (module_MED:InitializeIPDv03p1):Fr_ice: mean_sw_pen_to_ocn
 (module_MED:InitializeIPDv03p1):Fr_ice: Si_ifrac
 (module_MED:InitializeIPDv03p1):Fr_ice: Faii_taux
 (module_MED:InitializeIPDv03p1):Fr_ice: Faii_tauy
 (module_MED:InitializeIPDv03p1):Fr_ice: Faii_lat
 (module_MED:InitializeIPDv03p1):Fr_ice: Faii_sen
 (module_MED:InitializeIPDv03p1):Fr_ice: Faii_lwup
 (module_MED:InitializeIPDv03p1):Fr_ice: Si_vice
 (module_MED:InitializeIPDv03p1):Fr_ice: Si_vsno
 (module_MED:InitializeIPDv03p1):Fr_ice: Si_t
 (module_MED:InitializeIPDv03p1):Fr_ice: Fioi_swpen_vdr
 (module_MED:InitializeIPDv03p1):Fr_ice: Fioi_swpen_vdf
 (module_MED:InitializeIPDv03p1):Fr_ice: Fioi_swpen_idr
 (module_MED:InitializeIPDv03p1):Fr_ice: Fioi_swpen_idf
 (module_MED:InitializeIPDv03p1):Fr_ice: Fioi_taux
 (module_MED:InitializeIPDv03p1):Fr_ice: Fioi_tauy
 (module_MED:InitializeIPDv03p1):Fr_ice: Fioi_meltw
 (module_MED:InitializeIPDv03p1):Fr_ice: Fioi_melth
 (module_MED:InitializeIPDv03p1):Fr_ice: Fioi_salt
 (module_MED:InitializeIPDv03p1):To_ice: cpl_scalars
 (module_MED:InitializeIPDv03p1):To_ice: Faxa_lwdn
 (module_MED:InitializeIPDv03p1):To_ice: Faxa_swndr
 (module_MED:InitializeIPDv03p1):To_ice: Faxa_swvdr
 (module_MED:InitializeIPDv03p1):To_ice: Faxa_swndf
 (module_MED:InitializeIPDv03p1):To_ice: Faxa_swvdf
 (module_MED:InitializeIPDv03p1):To_ice: Faxa_rain
 (module_MED:InitializeIPDv03p1):To_ice: Faxa_snow
 (module_MED:InitializeIPDv03p1):To_ice: Sa_z
 (module_MED:InitializeIPDv03p1):To_ice: Sa_pbot
 (module_MED:InitializeIPDv03p1):To_ice: Sa_tbot
 (module_MED:InitializeIPDv03p1):To_ice: Sa_u
 (module_MED:InitializeIPDv03p1):To_ice: Sa_v
 (module_MED:InitializeIPDv03p1):To_ice: Sa_shum
 (module_MED:InitializeIPDv03p1):To_ice: So_t
 (module_MED:InitializeIPDv03p1):To_ice: So_s
 (module_MED:InitializeIPDv03p1):To_ice: So_u
 (module_MED:InitializeIPDv03p1):To_ice: So_v
 (module_MED:InitializeIPDv03p1):To_ice: So_dhdx
 (module_MED:InitializeIPDv03p1):To_ice: So_dhdy
 (module_MED:InitializeIPDv03p1):To_ice: Fioo_q
 
 (module_MED:InitializeIPDv03p1):Fr_rof: cpl_scalars
 (module_MED:InitializeIPDv03p1):To_rof: cpl_scalars
 
 (module_MED:InitializeIPDv03p1):Fr_wav: cpl_scalars
 (module_MED:InitializeIPDv03p1):To_wav: cpl_scalars
 
 (module_MED:InitializeIPDv03p1):Fr_glc: cpl_scalars
 (module_MED:InitializeIPDv03p1):To_glc: cpl_scalars
 (module_MED:DataInitialize)Initializing present flags
 (module_MED:DataInitialize) (module_MED:DataInitialize) comp_present(compmed) =    F
 (module_MED:DataInitialize) (module_MED:DataInitialize) comp_present(compatm) =    T
 (module_MED:DataInitialize) (module_MED:DataInitialize) comp_present(complnd) =    F
 (module_MED:DataInitialize) (module_MED:DataInitialize) comp_present(compocn) =    T
 (module_MED:DataInitialize) (module_MED:DataInitialize) comp_present(compice) =    T
 (module_MED:DataInitialize) (module_MED:DataInitialize) comp_present(comprof) =    F
 (module_MED:DataInitialize) (module_MED:DataInitialize) comp_present(compwav) =    F
 (module_MED:DataInitialize) (module_MED:DataInitialize) comp_present(compglc) =    F
 (module_MED:DataInitialize)Initializing active coupling flags
  
 (module_MED:DataInitialize) Allowed coupling flags
  |from to-> med  atm  lnd  ocn  ice  rof  wav  glc 
  |med         -    -    -    -    -    -    -    -
  |atm         -    -    T    T    T    -    T    -
  |lnd         -    T    -    -    -    T    -    T
  |ocn         -    T    -    -    T    -    T    T
  |ice         -    T    -    T    -    -    T    -
  |rof         -    -    T    T    T    -    -    -
  |wav         -    -    -    T    T    -    -    -
  |glc         -    -    T    T    T    -    -    -
  
 (module_MED:DataInitialize)  Active coupling flags
  |from to-> med  atm  lnd  ocn  ice  rof  wav  glc 
  |med         -    -    -    -    -    -    -    -
  |atm         -    -    -    T    T    -    -    -
  |lnd         -    -    -    -    -    -    -    -
  |ocn         -    T    -    -    T    -    -    -
  |ice         -    T    -    T    -    -    -    -
  |rof         -    -    -    -    -    -    -    -
  |wav         -    -    -    -    -    -    -    -
  |glc         -    -    -    -    -    -    -    -
  
Creating mediator field bundles 
 (module_MED:DataInitialize) initializing FBs for atm
 (module_MED:DataInitialize) initializing FBs for atm_ocn
 (module_MED:DataInitialize) initializing FBs for atm_ice
 (module_MED:DataInitialize) initializing FBs for ocn
 (module_MED:DataInitialize) initializing FBs for ocn_atm
 (module_MED:DataInitialize) initializing FBs for ocn_ice
 (module_MED:DataInitialize) initializing FBs for ice
 (module_MED:DataInitialize) initializing FBs for ice_atm
 (module_MED:DataInitialize) initializing FBs for ice_ocn
  
 mapping atm->ocn Sa_pslv via nstod_consf with one normalization
 mapping atm->ocn Faxa_swndr via nstod_consf with one normalization
 mapping atm->ocn Faxa_swndf via nstod_consf with one normalization
 mapping atm->ocn Faxa_swvdr via nstod_consf with one normalization
 mapping atm->ocn Faxa_swvdf via nstod_consf with one normalization
 mapping atm->ocn Faxa_rain via nstod_consf with one normalization
 mapping atm->ocn Faxa_snow via nstod_consf with one normalization
 mapping atm->ocn Faxa_taux via nstod_consf with one normalization
 mapping atm->ocn Faxa_tauy via nstod_consf with one normalization
 mapping atm->ocn Faxa_lwnet via nstod_consf with one normalization
 mapping atm->ocn Faxa_sen via nstod_consf with one normalization
 mapping atm->ocn Faxa_lat via nstod_consf with one normalization
  
 mapping atm->ice Faxa_swndr via nstod_consf with one normalization
 mapping atm->ice Faxa_swndf via nstod_consf with one normalization
 mapping atm->ice Faxa_swvdr via nstod_consf with one normalization
 mapping atm->ice Faxa_swvdf via nstod_consf with one normalization
 mapping atm->ice Faxa_rain via nstod_consf with one normalization
 mapping atm->ice Faxa_snow via nstod_consf with one normalization
 mapping atm->ice Faxa_lwdn via nstod_consf with one normalization
 mapping atm->ice Sa_z via nstod_consf with one normalization
 mapping atm->ice Sa_pbot via nstod_consf with one normalization
 mapping atm->ice Sa_tbot via nstod_consf with one normalization
 mapping atm->ice Sa_u via nstod_consf with one normalization
 mapping atm->ice Sa_v via nstod_consf with one normalization
 mapping atm->ice Sa_shum via nstod_consf with one normalization
  
 mapping ocn->atm So_t via nstod_consf with ofrac normalization
  
 mapping ocn->ice So_omask via fcopy
 mapping ocn->ice So_t via fcopy
 mapping ocn->ice So_s via fcopy
 mapping ocn->ice So_u via fcopy
 mapping ocn->ice So_v via fcopy
 mapping ocn->ice So_dhdx via fcopy
 mapping ocn->ice So_dhdy via fcopy
 mapping ocn->ice Fioo_q via fcopy
  
 mapping ice->atm Faii_evap via nstod_consf with ifrac normalization
 mapping ice->atm Faii_taux via nstod_consf with ifrac normalization
 mapping ice->atm Faii_tauy via nstod_consf with ifrac normalization
 mapping ice->atm Faii_lat via nstod_consf with ifrac normalization
 mapping ice->atm Faii_sen via nstod_consf with ifrac normalization
 mapping ice->atm Faii_lwup via nstod_consf with ifrac normalization
 mapping ice->atm Si_vice via nstod_consf with ifrac normalization
 mapping ice->atm Si_vsno via nstod_consf with ifrac normalization
 mapping ice->atm Si_t via nstod_consf with ifrac normalization
  
 mapping ice->ocn Fioi_swpen_vdr via fcopy
 mapping ice->ocn Fioi_swpen_vdf via fcopy
 mapping ice->ocn Fioi_swpen_idr via fcopy
 mapping ice->ocn Fioi_swpen_idf via fcopy
 mapping ice->ocn Fioi_taux via fcopy
 mapping ice->ocn Fioi_tauy via fcopy
 mapping ice->ocn Fioi_meltw via fcopy
 mapping ice->ocn Fioi_melth via fcopy
 mapping ice->ocn Fioi_salt via fcopy
 
(merge_to_atm): Faii_taux(atm) = Faii_taux(ice)
(merge_to_atm): Faii_tauy(atm) = Faii_tauy(ice)
(merge_to_atm): Faii_lat(atm) = Faii_lat(ice)
(merge_to_atm): Faii_sen(atm) = Faii_sen(ice)
(merge_to_atm): Faii_lwup(atm) = Faii_lwup(ice)
(merge_to_atm): Faii_evap(atm) = Faii_evap(ice)
(merge_to_atm): Si_vice(atm) = Si_vice(ice)
(merge_to_atm): Si_vsno(atm) = Si_vsno(ice)
(merge_to_atm): Si_t(atm) = Si_t(ice)
(merge_to_atm): So_t(atm) = So_t(ocn)
(merge_to_ocn): Sa_pslv(ocn) = Sa_pslv(atm)
(merge_to_ocn): Faxa_rain(ocn) = ofrac*Faxa_rain(atm)
(merge_to_ocn): Faxa_snow(ocn) = ofrac*Faxa_snow(atm)
(merge_to_ocn): Faxa_lwnet(ocn) = ofrac*Faxa_lwnet(atm)
(merge_to_ocn): Fioi_meltw(ocn) = ifrac*Fioi_meltw(ice)
(merge_to_ocn): Fioi_melth(ocn) = ifrac*Fioi_melth(ice)
(merge_to_ocn): Fioi_salt(ocn) = ifrac*Fioi_salt(ice)
(merge_to_ice): Faxa_lwdn(ice) = Faxa_lwdn(atm)
(merge_to_ice): Faxa_swndr(ice) = Faxa_swndr(atm)
(merge_to_ice): Faxa_swvdr(ice) = Faxa_swvdr(atm)
(merge_to_ice): Faxa_swndf(ice) = Faxa_swndf(atm)
(merge_to_ice): Faxa_swvdf(ice) = Faxa_swvdf(atm)
(merge_to_ice): Faxa_rain(ice) = Faxa_rain(atm)
(merge_to_ice): Faxa_snow(ice) = Faxa_snow(atm)
(merge_to_ice): Sa_z(ice) = Sa_z(atm)
(merge_to_ice): Sa_pbot(ice) = Sa_pbot(atm)
(merge_to_ice): Sa_tbot(ice) = Sa_tbot(atm)
(merge_to_ice): Sa_u(ice) = Sa_u(atm)
(merge_to_ice): Sa_v(ice) = Sa_v(atm)
(merge_to_ice): Sa_shum(ice) = Sa_shum(atm)
(merge_to_ice): So_t(ice) = So_t(ocn)
(merge_to_ice): So_s(ice) = So_s(ocn)
(merge_to_ice): So_u(ice) = So_u(ocn)
(merge_to_ice): So_v(ice) = So_v(ocn)
(merge_to_ice): So_dhdx(ice) = So_dhdx(ocn)
(merge_to_ice): So_dhdy(ice) = So_dhdy(ocn)
(merge_to_ice): Fioo_q(ice) = Fioo_q(ocn)
  
 (module_med_map: med_map_routehandles_initfrom_field) creating RH nstod_consf for atm to ocn
 (module_med_map: med_map_routehandles_initfrom_field) creating RH nstod_consf for atm to ice
 (module_med_map: med_map_routehandles_initfrom_field) creating RH nstod_consf for ocn to atm
 (module_med_map: med_map_routehandles_initfrom_field) creating RH redist for ocn to ice
 (module_med_map: med_map_routehandles_initfrom_field) creating RH nstod_consf for ice to atm
 (module_med_map: med_map_routehandles_initfrom_field) creating RH redist for ice to ocn
 
 (module_MED_MAP:MapNorm_init)Initializing unity map normalizations
 (module_MED_MAP:MapNorm_init) created field_NormOne for atm ->ocn  with mapping consf      
 (module_MED_MAP:MapNorm_init) created field_NormOne for atm ->ocn  with mapping nstod      
 (module_MED_MAP:MapNorm_init) created field_NormOne for atm ->ocn  with mapping nstod_consf
 (module_MED_MAP:MapNorm_init) created field_NormOne for atm ->ice  with mapping consf      
 (module_MED_MAP:MapNorm_init) created field_NormOne for atm ->ice  with mapping nstod      
 (module_MED_MAP:MapNorm_init) created field_NormOne for atm ->ice  with mapping nstod_consf
 (module_MED_MAP:MapNorm_init) created field_NormOne for ocn ->atm  with mapping consf      
 (module_MED_MAP:MapNorm_init) created field_NormOne for ocn ->atm  with mapping nstod      
 (module_MED_MAP:MapNorm_init) created field_NormOne for ocn ->atm  with mapping nstod_consf
 (module_MED_MAP:MapNorm_init) created field_NormOne for ocn ->ice  with mapping fcopy      
 (module_MED_MAP:MapNorm_init) created field_NormOne for ice ->atm  with mapping consf      
 (module_MED_MAP:MapNorm_init) created field_NormOne for ice ->atm  with mapping nstod      
 (module_MED_MAP:MapNorm_init) created field_NormOne for ice ->atm  with mapping nstod_consf
 (module_MED_MAP:MapNorm_init) created field_NormOne for ice ->ocn  with mapping fcopy      
 
 (module_MED_map:med_packed_field_create)Packed field: destcomp,mapping,mapnorm,fldname,index:   atm  nstod_consf  ofrac  So_t       1
 
 (module_MED_map:med_packed_field_create)Packed field: destcomp,mapping,mapnorm,fldname,index:   atm  nstod_consf  ifrac  Faii_evap       1
 (module_MED_map:med_packed_field_create)Packed field: destcomp,mapping,mapnorm,fldname,index:   atm  nstod_consf  ifrac  Faii_lat       2
 (module_MED_map:med_packed_field_create)Packed field: destcomp,mapping,mapnorm,fldname,index:   atm  nstod_consf  ifrac  Faii_lwup       3
 (module_MED_map:med_packed_field_create)Packed field: destcomp,mapping,mapnorm,fldname,index:   atm  nstod_consf  ifrac  Faii_sen       4
 (module_MED_map:med_packed_field_create)Packed field: destcomp,mapping,mapnorm,fldname,index:   atm  nstod_consf  ifrac  Faii_taux       5
 (module_MED_map:med_packed_field_create)Packed field: destcomp,mapping,mapnorm,fldname,index:   atm  nstod_consf  ifrac  Faii_tauy       6
 (module_MED_map:med_packed_field_create)Packed field: destcomp,mapping,mapnorm,fldname,index:   atm  nstod_consf  ifrac  Si_t       7
 (module_MED_map:med_packed_field_create)Packed field: destcomp,mapping,mapnorm,fldname,index:   atm  nstod_consf  ifrac  Si_vice       8
 (module_MED_map:med_packed_field_create)Packed field: destcomp,mapping,mapnorm,fldname,index:   atm  nstod_consf  ifrac  Si_vsno       9
 
 (module_MED_map:med_packed_field_create)Packed field: destcomp,mapping,mapnorm,fldname,index:   ocn  nstod_consf  one  Faxa_lat       1
 (module_MED_map:med_packed_field_create)Packed field: destcomp,mapping,mapnorm,fldname,index:   ocn  nstod_consf  one  Faxa_lwnet       2
 (module_MED_map:med_packed_field_create)Packed field: destcomp,mapping,mapnorm,fldname,index:   ocn  nstod_consf  one  Faxa_rain       3
 (module_MED_map:med_packed_field_create)Packed field: destcomp,mapping,mapnorm,fldname,index:   ocn  nstod_consf  one  Faxa_sen       4
 (module_MED_map:med_packed_field_create)Packed field: destcomp,mapping,mapnorm,fldname,index:   ocn  nstod_consf  one  Faxa_snow       5
 (module_MED_map:med_packed_field_create)Packed field: destcomp,mapping,mapnorm,fldname,index:   ocn  nstod_consf  one  Faxa_swndf       6
 (module_MED_map:med_packed_field_create)Packed field: destcomp,mapping,mapnorm,fldname,index:   ocn  nstod_consf  one  Faxa_swndr       7
 (module_MED_map:med_packed_field_create)Packed field: destcomp,mapping,mapnorm,fldname,index:   ocn  nstod_consf  one  Faxa_swvdf       8
 (module_MED_map:med_packed_field_create)Packed field: destcomp,mapping,mapnorm,fldname,index:   ocn  nstod_consf  one  Faxa_swvdr       9
 (module_MED_map:med_packed_field_create)Packed field: destcomp,mapping,mapnorm,fldname,index:   ocn  nstod_consf  one  Faxa_taux      10
 (module_MED_map:med_packed_field_create)Packed field: destcomp,mapping,mapnorm,fldname,index:   ocn  nstod_consf  one  Faxa_tauy      11
 (module_MED_map:med_packed_field_create)Packed field: destcomp,mapping,mapnorm,fldname,index:   ocn  nstod_consf  one  Sa_pslv      12
 
 (module_MED_map:med_packed_field_create)Packed field: destcomp,mapping,mapnorm,fldname,index:   ocn  fcopy  unset  Fioi_melth       1
 (module_MED_map:med_packed_field_create)Packed field: destcomp,mapping,mapnorm,fldname,index:   ocn  fcopy  unset  Fioi_meltw       2
 (module_MED_map:med_packed_field_create)Packed field: destcomp,mapping,mapnorm,fldname,index:   ocn  fcopy  unset  Fioi_salt       3
 (module_MED_map:med_packed_field_create)Packed field: destcomp,mapping,mapnorm,fldname,index:   ocn  fcopy  unset  Fioi_swpen_idf       4
 (module_MED_map:med_packed_field_create)Packed field: destcomp,mapping,mapnorm,fldname,index:   ocn  fcopy  unset  Fioi_swpen_idr       5
 (module_MED_map:med_packed_field_create)Packed field: destcomp,mapping,mapnorm,fldname,index:   ocn  fcopy  unset  Fioi_swpen_vdf       6
 (module_MED_map:med_packed_field_create)Packed field: destcomp,mapping,mapnorm,fldname,index:   ocn  fcopy  unset  Fioi_swpen_vdr       7
 (module_MED_map:med_packed_field_create)Packed field: destcomp,mapping,mapnorm,fldname,index:   ocn  fcopy  unset  Fioi_taux       8
 (module_MED_map:med_packed_field_create)Packed field: destcomp,mapping,mapnorm,fldname,index:   ocn  fcopy  unset  Fioi_tauy       9
 
 (module_MED_map:med_packed_field_create)Packed field: destcomp,mapping,mapnorm,fldname,index:   ice  nstod_consf  one  Faxa_lwdn       1
 (module_MED_map:med_packed_field_create)Packed field: destcomp,mapping,mapnorm,fldname,index:   ice  nstod_consf  one  Faxa_rain       2
 (module_MED_map:med_packed_field_create)Packed field: destcomp,mapping,mapnorm,fldname,index:   ice  nstod_consf  one  Faxa_snow       3
 (module_MED_map:med_packed_field_create)Packed field: destcomp,mapping,mapnorm,fldname,index:   ice  nstod_consf  one  Faxa_swndf       4
 (module_MED_map:med_packed_field_create)Packed field: destcomp,mapping,mapnorm,fldname,index:   ice  nstod_consf  one  Faxa_swndr       5
 (module_MED_map:med_packed_field_create)Packed field: destcomp,mapping,mapnorm,fldname,index:   ice  nstod_consf  one  Faxa_swvdf       6
 (module_MED_map:med_packed_field_create)Packed field: destcomp,mapping,mapnorm,fldname,index:   ice  nstod_consf  one  Faxa_swvdr       7
 (module_MED_map:med_packed_field_create)Packed field: destcomp,mapping,mapnorm,fldname,index:   ice  nstod_consf  one  Sa_pbot       8
 (module_MED_map:med_packed_field_create)Packed field: destcomp,mapping,mapnorm,fldname,index:   ice  nstod_consf  one  Sa_shum       9
 (module_MED_map:med_packed_field_create)Packed field: destcomp,mapping,mapnorm,fldname,index:   ice  nstod_consf  one  Sa_tbot      10
 (module_MED_map:med_packed_field_create)Packed field: destcomp,mapping,mapnorm,fldname,index:   ice  nstod_consf  one  Sa_u      11
 (module_MED_map:med_packed_field_create)Packed field: destcomp,mapping,mapnorm,fldname,index:   ice  nstod_consf  one  Sa_v      12
 (module_MED_map:med_packed_field_create)Packed field: destcomp,mapping,mapnorm,fldname,index:   ice  nstod_consf  one  Sa_z      13
 
 (module_MED_map:med_packed_field_create)Packed field: destcomp,mapping,mapnorm,fldname,index:   ice  fcopy  unset  Fioo_q       1
 (module_MED_map:med_packed_field_create)Packed field: destcomp,mapping,mapnorm,fldname,index:   ice  fcopy  unset  So_dhdx       2
 (module_MED_map:med_packed_field_create)Packed field: destcomp,mapping,mapnorm,fldname,index:   ice  fcopy  unset  So_dhdy       3
 (module_MED_map:med_packed_field_create)Packed field: destcomp,mapping,mapnorm,fldname,index:   ice  fcopy  unset  So_omask       4
 (module_MED_map:med_packed_field_create)Packed field: destcomp,mapping,mapnorm,fldname,index:   ice  fcopy  unset  So_s       5
 (module_MED_map:med_packed_field_create)Packed field: destcomp,mapping,mapnorm,fldname,index:   ice  fcopy  unset  So_t       6
 (module_MED_map:med_packed_field_create)Packed field: destcomp,mapping,mapnorm,fldname,index:   ice  fcopy  unset  So_u       7
 (module_MED_map:med_packed_field_create)Packed field: destcomp,mapping,mapnorm,fldname,index:   ice  fcopy  unset  So_v       8
 (module_med_map: med_map_routehandles_initfrom_field) creating RH nstod_consd for ice to atm
 (module_med_map: med_map_routehandles_initfrom_field) creating RH nstod_consd for ocn to atm
 
 (module_MED:DataInitialize)Initialize-Data-Dependency allDone check Passed
 global nx,ny sizes for atm:       0       0
 global nx,ny sizes for ocn:    1440    1080
 global nx,ny sizes for ice:    1440    1080
 
 (med_io_init) : pio_netcdf_format = 64BIT_OFFSET         512
 (med_io_init) : pio_typename = NETCDF           2
 (med_io_init) : pio_root =            1
 (med_io_init) : pio_stride =          -99
 (med_io_init) : pio_numiotasks =          -99
 (med_io_init) : update pio_numiotasks =            4
 (med_io_init) : update pio_stride =           72
 (med_io_init) : pio_rearranger = BOX           1
 (med_io_init) calling pio init
 (med_io_init) : pio_debug_level =            0
 (med_io_init) : pio_rearr_comm_type = P2P           0
 (med_io_init) : pio_rearr_comm_fcd = 2DENABLE           0
 (med_io_init) : pio_rearr_comm_enable_hs_comp2io =  T
 (med_io_init) : pio_rearr_comm_enable_isend_comp2io =  F
 (med_io_init) : pio_rearr_comm_max_pend_req_comp2io =            0
 (med_io_init) : pio_rearr_comm_enable_hs_io2comp =  F
 (med_io_init) : pio_rearr_comm_enable_isend_io2comp =  T
 (med_io_init) : pio_rearr_comm_max_pend_req_io2comp =           64
 (med_io_init) calling pio_set_rearr_opts
 (module_MED:DataInitialize) read_restart =  F
 
(med_phases_restart_alarm_init) restart clock timestep =       1800
(med_phases_restart_alarm_init) set restart alarm with option nhours and frequency         12
 
 -------->(med_phases_restart_write) mediating for: 2013  4  1 11 30  0   0
 (med_io_wopen)  create file RESTART/ufs.cpld.cpl.r.2013-04-01-43200.nc
 -------->(med_phases_restart_write) mediating for: 2013  4  1 23 30  0   0
 (med_io_wopen)  create file RESTART/ufs.cpld.cpl.r.2013-04-02-00000.nc
  SUCCESSFUL TERMINATION OF CMEPS
: ===============  # simulated years / cmp-day =        0.006  ===============
