========================================================================
READ_ASCII_FILE: unknown
READ_ASCII_FILE: File: input.nml
========================================================================
READ_INPUT_NML: unknown
READ_INPUT_NML: input.nml 
 &atmos_model_nml
   blocksize = 32
   chksum_debug = .false.
   dycore_only = .false.
   ccpp_suite = 'FV3_GFS_v16_coupled_nsstNoahmpUGWPv1'
 /
 
 &diag_manager_nml
   prepend_date = .false.
   max_output_fields = 300
 /
 
 &fms_io_nml
   checksum_required = .false.
   max_files_r = 100
   max_files_w = 100
 /
 
 &mpp_io_nml
 shuffle=1
 deflate_level=1
 /
 
 &fms_nml
   clock_grain = 'ROUTINE'
   domains_stack_size = 3000000
   print_memory_usage = .false.
 /
 
 &fv_core_nml
   layout = 4,8
   io_layout = 1,1
   npx = 193
   npy = 193
   ntiles = 6
   npz = 127
   dz_min = 2
   psm_bc = 1
   grid_type = -1
   make_nh = .false.
   fv_debug = .false.
   range_warn = .false.
   reset_eta = .false.
   n_sponge = 42
   nudge_qv = .true.
   nudge_dz = .false.
   tau = 10.
   rf_cutoff = 7.5e2
   d2_bg_k1 = 0.20
   d2_bg_k2 = 0.04
   kord_tm = -9
   kord_mt = 9
   kord_wz = 9
   kord_tr = 9
   hydrostatic = .false.
   phys_hydrostatic = .false.
   use_hydro_pressure = .false.
   beta = 0.
   a_imp = 1.
   p_fac = 0.1
   k_split = 2
   n_split = 6
   nwat = 6
   na_init = 0
   d_ext = 0.
   dnats = 1
   fv_sg_adj = 450
   d2_bg = 0.
   nord = 2
   dddmp = 0.2
   d4_bg = 0.12
   vtdm4 = 0.02
   delt_max = 0.002
   ke_bg = 0.
   do_vort_damp = .true.
   external_ic = .false.
   external_eta = .true.
   gfs_phil = .false.
   nggps_ic = .false.
   mountain = .true.
   ncep_ic = .false.
   d_con = 1.
   hord_mt = 5
   hord_vt = 5
   hord_tm = 5
   hord_dp = -5
   hord_tr = 8
   adjust_dry_mass = .false.
   consv_te = 1.
   do_sat_adj = .true.
   consv_am = .false.
   fill = .true.
   dwind_2d = .false.
   print_freq = 6
   warm_start = .true.
   no_dycore = .false.
   z_tracer = .true.
   agrid_vel_rst = .true.
   read_increment = .false.
   res_latlon_dynamics = ''
 /
 
 &external_ic_nml
   filtered_terrain = .true.
   levp = 128
   gfs_dwinds = .true.
   checker_tr = .false.
   nt_checker = 0
 /
 
 &gfs_physics_nml
   fhzero       = 6
   h2o_phys     = .true.
   ldiag3d      = .false.
   qdiag3d      = .false.
   print_diff_pgr = .false.
   fhcyc        = 24
   use_ufo      = .true.
   pre_rad      = .false.
   imp_physics  = 11
   pdfcld       = .false.
   fhswr        = 3600.
   fhlwr        = 3600.
   ialb         = 2
   iems         = 2
   iaer         = 1011
   icliq_sw     = 2
   iovr         = 3
   ico2         = 2
   isubc_sw     = 2
   isubc_lw     = 2
   isol         = 2
   lwhtr        = .true.
   swhtr        = .true.
   cnvgwd       = .true.
   shal_cnv     = .true.
   cal_pre      = .false.
   redrag       = .true.
   dspheat      = .true.
   hybedmf      = .false.
   satmedmf     = .true.
   isatmedmf    = 1
   lheatstrg    = .true.
   lseaspray    = .true.
   random_clds  = .false.
   trans_trac   = .true.
   cnvcld       = .true.
   imfshalcnv   = 2
   imfdeepcnv   = 2
   ras          = .false.
   cdmbgwd      = 0.23,1.5,1.0,1.0
   prslrd0      = 0.
   ivegsrc      = 1
   isot         = 1
   lsoil        = 4
   lsm          = 2
   iopt_dveg    = 4
   iopt_crs     = 2
   iopt_btr     = 1
   iopt_run     = 1
   iopt_sfc     = 1
   iopt_frz     = 1
   iopt_inf     = 1
   iopt_rad     = 3
   iopt_alb     = 1
   iopt_snf     = 4
   iopt_tbot    = 2
   iopt_stc     = 3
   debug        = .false.
   oz_phys      = .false.
   oz_phys_2015 = .true.
   nstf_name    = 2,0,0,0,0
   nst_anl      = .true.
   psautco      = 0.0008,0.0005
   prautco      = 0.00015,0.00015
   lgfdlmprad   = .true.
   cplchm       = .false.
   cplwav       = .false.
   cplwav2atm   = .false.
   cplflx       = .true.
   cplice       = .true.
   min_seaice   = 1.0e-11
   use_cice_alb = .false.
   frac_grid    = .true.
   effr_in      = .true.
   ldiag_ugwp   = .false.
   do_ugwp      = .false.
   do_tofd      = .false.
   do_sppt      = .false.
   do_shum      = .false.
   do_skeb      = .false.
   lndp_type    = 0
   n_var_lndp   = 0
   fscav_aero   = '*:0.0'
   do_ca        = .true.
   ca_global    = .false.
   ca_sgs       = .true.
   nca          = 1
   scells       = 2600
   tlives       = 1800
   nseed        = 1
   nfracseed    = 0.5
   rcell        = 0.2
   ca_trigger   = .true.
   nspinup      = 1
   iseed_ca     = 12345
   gwd_opt      = 2
   do_ugwp_v0   = .false.
   do_ugwp_v1   = .true.
   do_gsl_drag_ls_bl    = .true.
   do_gsl_drag_ss       = .true.
   do_gsl_drag_tofd     = .true.
   do_ugwp_v1_orog_only = .false.
   do_ugwp_v0_nst_only  = .false.
 /
 
 &gfdl_cloud_microphysics_nml
   sedi_transport = .true.
   do_sedi_heat = .false.
   rad_snow = .true.
   rad_graupel = .true.
   rad_rain = .true.
   const_vi = .false.
   const_vs = .false.
   const_vg = .false.
   const_vr = .false.
   vi_max = 1.
   vs_max = 2.
   vg_max = 12.
   vr_max = 12.
   qi_lim = 1.
   prog_ccn = .false.
   do_qa = .true.
   fast_sat_adj = .true.
   tau_l2v = 225.
   tau_v2l = 150.
   tau_g2v = 900.
   rthresh = 10.e-6  ! This is a key parameter for cloud water
   dw_land  = 0.16
   dw_ocean = 0.10
   ql_gen = 1.0e-3
   ql_mlt = 1.0e-3
   qi0_crt = 8.0E-5
   qs0_crt = 1.0e-3
   tau_i2s = 1000.
   c_psaci = 0.05
   c_pgacs = 0.01
   rh_inc = 0.30
   rh_inr = 0.30
   rh_ins = 0.30
   ccn_l = 300.
   ccn_o = 100.
   c_paut = 0.5
   c_cracw = 0.8
   use_ppm = .false.
   use_ccn = .true.
   mono_prof = .true.
   z_slope_liq  = .true.
   z_slope_ice  = .true.
   de_ice = .false.
   fix_negative = .true.
   icloud_f = 1
   mp_time = 150.
   reiflag = 2
 /
 
 &interpolator_nml
   interp_method = 'conserve_great_circle'
 /
 
 &namsfc
   FNGLAC   = 'global_glacier.2x2.grb'
   FNMXIC   = 'global_maxice.2x2.grb'
   FNTSFC   = 'RTGSST.1982.2012.monthly.clim.grb'
   FNSNOC   = 'global_snoclim.1.875.grb'
   FNZORC   = 'igbp'
   FNALBC   = 'C192.snowfree_albedo.tileX.nc'
   FNALBC2  = 'C192.facsf.tileX.nc'
   FNAISC   = 'CFSR.SEAICE.1982.2012.monthly.clim.grb'
   FNTG3C   = 'C192.substrate_temperature.tileX.nc'
   FNVEGC   = 'C192.vegetation_greenness.tileX.nc'
   FNVETC   = 'C192.vegetation_type.tileX.nc'
   FNSOTC   = 'C192.soil_type.tileX.nc'
   FNSMCC   = 'global_soilmgldas.statsgo.t1534.3072.1536.grb'
   FNMSKH   = 'global_slmask.t1534.3072.1536.grb'
   FNTSFA   = ''
   FNACNA   = ''
   FNSNOA   = ''
   FNVMNC   = 'C192.vegetation_greenness.tileX.nc'
   FNVMXC   = 'C192.vegetation_greenness.tileX.nc'
   FNSLPC   = 'C192.slope_type.tileX.nc'
   FNABSC   = 'C192.maximum_snow_albedo.tileX.nc'
   LDEBUG   =.false.
   FSMCL(2) = 99999
   FSMCL(3) = 99999
   FSMCL(4) = 99999
   LANDICE  = .false.
   FTSFS    = 90
   FAISL    = 99999
   FAISS    = 99999
   FSNOL    = 99999
   FSNOS    = 99999
   FSICL    = 99999
   FSICS    = 99999
   FTSFL    = 99999
   FVETL    = 99999
   FSOTL    = 99999
   FvmnL    = 99999
   FvmxL    = 99999
   FSLPL    = 99999
   FABSL    = 99999
 /
 
 &fv_grid_nml
   grid_file = 'INPUT/grid_spec.nc'
 /
 
 &nam_stochy
   STOCHINI=.false.
   SKEBNORM=1
   SKEB_NPASS=30
   SKEB_VDOF=5
   SKEB=-999.
   SKEB_TAU=2.16E4
   SKEB_LSCALE=1000.E3
   SKEBINT=1800
   SHUM=-999.
   SHUM_TAU=21600
   SHUM_LSCALE=500000
   SHUMINT=3600
   SPPT=-999.
   SPPT_TAU=21600
   SPPT_LSCALE=500000
   SPPT_LOGIT=.TRUE.
   SPPT_SFCLIMIT=.TRUE.
   SPPTINT=1800
   ISEED_SHUM=1
   ISEED_SKEB=2
   ISEED_SPPT=3
 /
 
 &nam_sfcperts
   lndp_type      = 0
   LNDP_TAU=21600
   LNDP_LSCALE=500000
   ISEED_LNDP=2010
   lndp_var_list = XXX
   lndp_prt_list = -999
 /
 
 &cires_ugwp_nml
   knob_ugwp_solver  = 2
   knob_ugwp_version = 1
   knob_ugwp_source  = 1,1,0,0
   knob_ugwp_wvspec  = 1,25,25,25
   knob_ugwp_azdir   = 2,4,4,4
   knob_ugwp_stoch   = 0,0,0,0
   knob_ugwp_effac   = 1,1,1,1
   knob_ugwp_doaxyz  = 1
   knob_ugwp_doheat  = 1
   knob_ugwp_dokdis  = 2
   knob_ugwp_ndx4lh  = 4
   knob_ugwp_palaunch = 275.0e2
   knob_ugwp_nslope   = 1
   knob_ugwp_lzmax    = 15.750e3
   knob_ugwp_lzmin    = 0.75e3
   knob_ugwp_lzstar   = 2.0e3
   knob_ugwp_taumin   = 0.25e-3
   knob_ugwp_tauamp   = 3.0e-3
   knob_ugwp_lhmet    = 200.0e3
   knob_ugwp_orosolv  = 'pss-1986'
 /
 
 &MOM_input_nml
   output_directory = 'MOM6_OUTPUT/',
   input_filename = 'r'
   restart_input_dir = 'INPUT/',
   restart_output_dir = 'RESTART/',
   parameter_filename = 'INPUT/MOM_input',
   'INPUT/MOM_override'/
 

MPP module unknown
MPP started with NPES=   192
Using MPI library for message passing...
Realtime clock resolution=  1.0000E-06 sec (   1000000 ticks/sec)
Clock rolls over after   9.2234E+12 sec ( 9223372036854775806 ticks)

MPP Parameter module unknown

MPP Data module unknown

MPP_DOMAINS module unknown
 &MPP_IO_NML
 HEADER_BUFFER_VAL       =       16384,
 GLOBAL_FIELD_ON_ROOT_PE = T,
 IO_CLOCKS_ON    = F,
 SHUFFLE =           1,
 DEFLATE_LEVEL   =           1,
 CF_COMPLIANCE   = F
 /

MPP_IO module unknown

Using netCDF library version 4.7.4 of Jan 15 2021 09:39:28 $

================================================================================
FMS_IO_MOD
unknown

================================================================================
FMS_MOD
unknown
 &FMS_NML
 READ_ALL_PE     = T,
 CLOCK_GRAIN     = ROUTINE         ,
 CLOCK_FLAGS     = NONE            ,
 WARNING_LEVEL   = warning ,
 STACK_SIZE      =           0,
 DOMAINS_STACK_SIZE      =     3000000,
 PRINT_MEMORY_USAGE      = F
 /
 nml_error_codes=

================================================================================
CONSTANTS_MOD
unknown

================================================================================
SAT_VAPOR_PRES_MOD
unknown
 &SAT_VAPOR_PRES_NML
 SHOW_BAD_VALUE_COUNT_BY_SLICE   = T,
 SHOW_ALL_BAD_VALUES     = F,
 USE_EXACT_QS    = F,
 DO_SIMPLE       = F,
 CONSTRUCT_TABLE_WRT_LIQ = F,
 CONSTRUCT_TABLE_WRT_LIQ_AND_ICE = F
 /

================================================================================
TIME_MANAGER_MOD
unknown

================================================================================
DIAG_UTIL_MOD
unknown

================================================================================
DIAG_DATA_MOD
unknown

================================================================================
DIAG_MANAGER_MOD
unknown
 &DIAG_MANAGER_NML
 APPEND_PELIST_NAME      = F,
 MIX_SNAPSHOT_AVERAGE_FIELDS     = F,
 MAX_OUTPUT_FIELDS       =         300,
 MAX_INPUT_FIELDS        =         600,
 MAX_AXES        =          60,
 DO_DIAG_FIELD_LOG       = F,
 WRITE_BYTES_IN_FILE     = F,
 DEBUG_DIAG_MANAGER      = F,
 MAX_NUM_AXIS_SETS       =          25,
 MAX_FILES       =          31,
 USE_CMOR        = F,
 ISSUE_OOR_WARNINGS      = T,
 OOR_WARNINGS_FATAL      = F,
 MAX_OUT_PER_IN_FIELD    =         150,
 FLUSH_NC_FILES  = F,
 REGION_OUT_USE_ALT_VALUE        = T,
 MAX_FIELD_ATTRIBUTES    =           4,
 MAX_FILE_ATTRIBUTES     =           2,
 MAX_AXIS_ATTRIBUTES     =           4,
 PREPEND_DATE    = F,
 USE_MPP_IO      = F
 /
========================================================================
READ_ASCII_FILE: unknown
READ_ASCII_FILE: File: diag_table
base date used = 2021 March 22  6:00:00 gmt

================================================================================
DIAG_AXIS_MOD
unknown
========================================================================
READ_ASCII_FILE: unknown
READ_ASCII_FILE: File: input.nml
========================================================================
READ_INPUT_NML: unknown
READ_INPUT_NML: input.nml 
 &atmos_model_nml
   blocksize = 32
   chksum_debug = .false.
   dycore_only = .false.
   ccpp_suite = 'FV3_GFS_v16_coupled_nsstNoahmpUGWPv1'
 /
 
 &diag_manager_nml
   prepend_date = .false.
   max_output_fields = 300
 /
 
 &fms_io_nml
   checksum_required = .false.
   max_files_r = 100
   max_files_w = 100
 /
 
 &mpp_io_nml
 shuffle=1
 deflate_level=1
 /
 
 &fms_nml
   clock_grain = 'ROUTINE'
   domains_stack_size = 3000000
   print_memory_usage = .false.
 /
 
 &fv_core_nml
   layout = 4,8
   io_layout = 1,1
   npx = 193
   npy = 193
   ntiles = 6
   npz = 127
   dz_min = 2
   psm_bc = 1
   grid_type = -1
   make_nh = .false.
   fv_debug = .false.
   range_warn = .false.
   reset_eta = .false.
   n_sponge = 42
   nudge_qv = .true.
   nudge_dz = .false.
   tau = 10.
   rf_cutoff = 7.5e2
   d2_bg_k1 = 0.20
   d2_bg_k2 = 0.04
   kord_tm = -9
   kord_mt = 9
   kord_wz = 9
   kord_tr = 9
   hydrostatic = .false.
   phys_hydrostatic = .false.
   use_hydro_pressure = .false.
   beta = 0.
   a_imp = 1.
   p_fac = 0.1
   k_split = 2
   n_split = 6
   nwat = 6
   na_init = 0
   d_ext = 0.
   dnats = 1
   fv_sg_adj = 450
   d2_bg = 0.
   nord = 2
   dddmp = 0.2
   d4_bg = 0.12
   vtdm4 = 0.02
   delt_max = 0.002
   ke_bg = 0.
   do_vort_damp = .true.
   external_ic = .false.
   external_eta = .true.
   gfs_phil = .false.
   nggps_ic = .false.
   mountain = .true.
   ncep_ic = .false.
   d_con = 1.
   hord_mt = 5
   hord_vt = 5
   hord_tm = 5
   hord_dp = -5
   hord_tr = 8
   adjust_dry_mass = .false.
   consv_te = 1.
   do_sat_adj = .true.
   consv_am = .false.
   fill = .true.
   dwind_2d = .false.
   print_freq = 6
   warm_start = .true.
   no_dycore = .false.
   z_tracer = .true.
   agrid_vel_rst = .true.
   read_increment = .false.
   res_latlon_dynamics = ''
 /
 
 &external_ic_nml
   filtered_terrain = .true.
   levp = 128
   gfs_dwinds = .true.
   checker_tr = .false.
   nt_checker = 0
 /
 
 &gfs_physics_nml
   fhzero       = 6
   h2o_phys     = .true.
   ldiag3d      = .false.
   qdiag3d      = .false.
   print_diff_pgr = .false.
   fhcyc        = 24
   use_ufo      = .true.
   pre_rad      = .false.
   imp_physics  = 11
   pdfcld       = .false.
   fhswr        = 3600.
   fhlwr        = 3600.
   ialb         = 2
   iems         = 2
   iaer         = 1011
   icliq_sw     = 2
   iovr         = 3
   ico2         = 2
   isubc_sw     = 2
   isubc_lw     = 2
   isol         = 2
   lwhtr        = .true.
   swhtr        = .true.
   cnvgwd       = .true.
   shal_cnv     = .true.
   cal_pre      = .false.
   redrag       = .true.
   dspheat      = .true.
   hybedmf      = .false.
   satmedmf     = .true.
   isatmedmf    = 1
   lheatstrg    = .true.
   lseaspray    = .true.
   random_clds  = .false.
   trans_trac   = .true.
   cnvcld       = .true.
   imfshalcnv   = 2
   imfdeepcnv   = 2
   ras          = .false.
   cdmbgwd      = 0.23,1.5,1.0,1.0
   prslrd0      = 0.
   ivegsrc      = 1
   isot         = 1
   lsoil        = 4
   lsm          = 2
   iopt_dveg    = 4
   iopt_crs     = 2
   iopt_btr     = 1
   iopt_run     = 1
   iopt_sfc     = 1
   iopt_frz     = 1
   iopt_inf     = 1
   iopt_rad     = 3
   iopt_alb     = 1
   iopt_snf     = 4
   iopt_tbot    = 2
   iopt_stc     = 3
   debug        = .false.
   oz_phys      = .false.
   oz_phys_2015 = .true.
   nstf_name    = 2,0,0,0,0
   nst_anl      = .true.
   psautco      = 0.0008,0.0005
   prautco      = 0.00015,0.00015
   lgfdlmprad   = .true.
   cplchm       = .false.
   cplwav       = .false.
   cplwav2atm   = .false.
   cplflx       = .true.
   cplice       = .true.
   min_seaice   = 1.0e-11
   use_cice_alb = .false.
   frac_grid    = .true.
   effr_in      = .true.
   ldiag_ugwp   = .false.
   do_ugwp      = .false.
   do_tofd      = .false.
   do_sppt      = .false.
   do_shum      = .false.
   do_skeb      = .false.
   lndp_type    = 0
   n_var_lndp   = 0
   fscav_aero   = '*:0.0'
   do_ca        = .true.
   ca_global    = .false.
   ca_sgs       = .true.
   nca          = 1
   scells       = 2600
   tlives       = 1800
   nseed        = 1
   nfracseed    = 0.5
   rcell        = 0.2
   ca_trigger   = .true.
   nspinup      = 1
   iseed_ca     = 12345
   gwd_opt      = 2
   do_ugwp_v0   = .false.
   do_ugwp_v1   = .true.
   do_gsl_drag_ls_bl    = .true.
   do_gsl_drag_ss       = .true.
   do_gsl_drag_tofd     = .true.
   do_ugwp_v1_orog_only = .false.
   do_ugwp_v0_nst_only  = .false.
 /
 
 &gfdl_cloud_microphysics_nml
   sedi_transport = .true.
   do_sedi_heat = .false.
   rad_snow = .true.
   rad_graupel = .true.
   rad_rain = .true.
   const_vi = .false.
   const_vs = .false.
   const_vg = .false.
   const_vr = .false.
   vi_max = 1.
   vs_max = 2.
   vg_max = 12.
   vr_max = 12.
   qi_lim = 1.
   prog_ccn = .false.
   do_qa = .true.
   fast_sat_adj = .true.
   tau_l2v = 225.
   tau_v2l = 150.
   tau_g2v = 900.
   rthresh = 10.e-6  ! This is a key parameter for cloud water
   dw_land  = 0.16
   dw_ocean = 0.10
   ql_gen = 1.0e-3
   ql_mlt = 1.0e-3
   qi0_crt = 8.0E-5
   qs0_crt = 1.0e-3
   tau_i2s = 1000.
   c_psaci = 0.05
   c_pgacs = 0.01
   rh_inc = 0.30
   rh_inr = 0.30
   rh_ins = 0.30
   ccn_l = 300.
   ccn_o = 100.
   c_paut = 0.5
   c_cracw = 0.8
   use_ppm = .false.
   use_ccn = .true.
   mono_prof = .true.
   z_slope_liq  = .true.
   z_slope_ice  = .true.
   de_ice = .false.
   fix_negative = .true.
   icloud_f = 1
   mp_time = 150.
   reiflag = 2
 /
 
 &interpolator_nml
   interp_method = 'conserve_great_circle'
 /
 
 &namsfc
   FNGLAC   = 'global_glacier.2x2.grb'
   FNMXIC   = 'global_maxice.2x2.grb'
   FNTSFC   = 'RTGSST.1982.2012.monthly.clim.grb'
   FNSNOC   = 'global_snoclim.1.875.grb'
   FNZORC   = 'igbp'
   FNALBC   = 'C192.snowfree_albedo.tileX.nc'
   FNALBC2  = 'C192.facsf.tileX.nc'
   FNAISC   = 'CFSR.SEAICE.1982.2012.monthly.clim.grb'
   FNTG3C   = 'C192.substrate_temperature.tileX.nc'
   FNVEGC   = 'C192.vegetation_greenness.tileX.nc'
   FNVETC   = 'C192.vegetation_type.tileX.nc'
   FNSOTC   = 'C192.soil_type.tileX.nc'
   FNSMCC   = 'global_soilmgldas.statsgo.t1534.3072.1536.grb'
   FNMSKH   = 'global_slmask.t1534.3072.1536.grb'
   FNTSFA   = ''
   FNACNA   = ''
   FNSNOA   = ''
   FNVMNC   = 'C192.vegetation_greenness.tileX.nc'
   FNVMXC   = 'C192.vegetation_greenness.tileX.nc'
   FNSLPC   = 'C192.slope_type.tileX.nc'
   FNABSC   = 'C192.maximum_snow_albedo.tileX.nc'
   LDEBUG   =.false.
   FSMCL(2) = 99999
   FSMCL(3) = 99999
   FSMCL(4) = 99999
   LANDICE  = .false.
   FTSFS    = 90
   FAISL    = 99999
   FAISS    = 99999
   FSNOL    = 99999
   FSNOS    = 99999
   FSICL    = 99999
   FSICS    = 99999
   FTSFL    = 99999
   FVETL    = 99999
   FSOTL    = 99999
   FvmnL    = 99999
   FvmxL    = 99999
   FSLPL    = 99999
   FABSL    = 99999
 /
 
 &fv_grid_nml
   grid_file = 'INPUT/grid_spec.nc'
 /
 
 &nam_stochy
   STOCHINI=.false.
   SKEBNORM=1
   SKEB_NPASS=30
   SKEB_VDOF=5
   SKEB=-999.
   SKEB_TAU=2.16E4
   SKEB_LSCALE=1000.E3
   SKEBINT=1800
   SHUM=-999.
   SHUM_TAU=21600
   SHUM_LSCALE=500000
   SHUMINT=3600
   SPPT=-999.
   SPPT_TAU=21600
   SPPT_LSCALE=500000
   SPPT_LOGIT=.TRUE.
   SPPT_SFCLIMIT=.TRUE.
   SPPTINT=1800
   ISEED_SHUM=1
   ISEED_SKEB=2
   ISEED_SPPT=3
 /
 
 &nam_sfcperts
   lndp_type      = 0
   LNDP_TAU=21600
   LNDP_LSCALE=500000
   ISEED_LNDP=2010
   lndp_var_list = XXX
   lndp_prt_list = -999
 /
 
 &cires_ugwp_nml
   knob_ugwp_solver  = 2
   knob_ugwp_version = 1
   knob_ugwp_source  = 1,1,0,0
   knob_ugwp_wvspec  = 1,25,25,25
   knob_ugwp_azdir   = 2,4,4,4
   knob_ugwp_stoch   = 0,0,0,0
   knob_ugwp_effac   = 1,1,1,1
   knob_ugwp_doaxyz  = 1
   knob_ugwp_doheat  = 1
   knob_ugwp_dokdis  = 2
   knob_ugwp_ndx4lh  = 4
   knob_ugwp_palaunch = 275.0e2
   knob_ugwp_nslope   = 1
   knob_ugwp_lzmax    = 15.750e3
   knob_ugwp_lzmin    = 0.75e3
   knob_ugwp_lzstar   = 2.0e3
   knob_ugwp_taumin   = 0.25e-3
   knob_ugwp_tauamp   = 3.0e-3
   knob_ugwp_lhmet    = 200.0e3
   knob_ugwp_orosolv  = 'pss-1986'
 /
 
 &MOM_input_nml
   output_directory = 'MOM6_OUTPUT/',
   input_filename = 'r'
   restart_input_dir = 'INPUT/',
   restart_output_dir = 'RESTART/',
   parameter_filename = 'INPUT/MOM_input',
   'INPUT/MOM_override'/
 

================================================================================
FV_CONTROL_MOD
unknown
 &FV_GRID_NML
 GRID_NAME       =                                                                                 ,
 GRID_FILE       = INPUT/grid_spec.nc                                                                                                
       
 /

================================================================================
FV_CONTROL_MOD
unknown
 &FV_CORE_NML
 NPX     =         193,
 NPY     =         193,
 NTILES  =           6,
 NPZ     =         127,
 NPZ_TYPE        = gfs                     ,
 FV_ETA_FILE     = global_hyblev_fcst.txt                                                                                            
       ,
 NPZ_RST =           0,
 LAYOUT  =           4,           8,
 IO_LAYOUT       = 2*1,
 NCNST   =           0,
 NWAT    =           6,
 USE_LOGP        = F,
 P_FAC   =  0.100000000000000     ,
 A_IMP   =   1.00000000000000     ,
 K_SPLIT =           2,
 N_SPLIT =           6,
 M_SPLIT =           0,
 Q_SPLIT =           0,
 PRINT_FREQ      =           6,
 WRITE_3D_DIAGS  = T,
 DO_SCHMIDT      = F,
 DO_CUBE_TRANSFORM       = F,
 HORD_MT =           5,
 HORD_VT =           5,
 HORD_TM =           5,
 HORD_DP =          -5,
 HORD_TR =           8,
 SHIFT_FAC       =   18.0000000000000     ,
 STRETCH_FAC     =   1.00000000000000     ,
 TARGET_LAT      =  -90.0000000000000     ,
 TARGET_LON      =  0.000000000000000E+000,
 KORD_MT =           9,
 KORD_WZ =           9,
 KORD_TM =          -9,
 KORD_TR =           9,
 FV_DEBUG        = F,
 FV_LAND = F,
 NUDGE   = F,
 DO_SAT_ADJ      = T,
 DO_INLINE_MP    = F,
 DO_F3D  = F,
 EXTERNAL_IC     = F,
 READ_INCREMENT  = F,
 NCEP_IC = F,
 NGGPS_IC        = F,
 HRRRV3_IC       = F,
 ECMWF_IC        = F,
 USE_NEW_NCEP    = F,
 USE_NCEP_PHY    = F,
 FV_DIAG_IC      = F,
 EXTERNAL_ETA    = T,
 RES_LATLON_DYNAMICS     =                                                                                                           
                       ,
 RES_LATLON_TRACERS      =                                                                                                           
                       ,
 SCALE_Z =  0.000000000000000E+000,
 W_MAX   =   75.0000000000000     ,
 Z_MIN   =  5.000000000000000E-002,
 LIM_FAC =   1.00000000000000     ,
 DDDMP   =  0.200000000000000     ,
 D2_BG   =  0.000000000000000E+000,
 D4_BG   =  0.120000000000000     ,
 VTDM4   =  2.000000000000000E-002,
 TRDM2   =  0.000000000000000E+000,
 D_EXT   =  0.000000000000000E+000,
 DELT_MAX        =  2.000000000000000E-003,
 BETA    =  0.000000000000000E+000,
 NON_ORTHO       = T,
 N_SPONGE        =          42,
 WARM_START      = T,
 ADJUST_DRY_MASS = F,
 MOUNTAIN        = T,
 D_CON   =   1.00000000000000     ,
 KE_BG   =  0.000000000000000E+000,
 NORD    =           2,
 NORD_TR =           0,
 CONVERT_KE      = F,
 USE_OLD_OMEGA   = T,
 DRY_MASS        =   98290.0000000000     ,
 GRID_TYPE       =          -1,
 DO_HELD_SUAREZ  = F,
 DO_REED_PHYSICS = F,
 REED_COND_ONLY  = F,
 CONSV_TE        =   1.00000000000000     ,
 FILL    = T,
 FILTER_PHYS     = F,
 FILL_DP = F,
 FILL_WZ = F,
 FILL_GFS        = T,
 CONSV_AM        = F,
 RF_FAST = F,
 RANGE_WARN      = F,
 DWIND_2D        = F,
 INLINE_Q        = F,
 Z_TRACER        = T,
 REPRODUCE_SUM   = T,
 ADIABATIC       = F,
 DO_VORT_DAMP    = T,
 NO_DYCORE       = F,
 TAU     =   10.0000000000000     ,
 TAU_H2O =  0.000000000000000E+000,
 RF_CUTOFF       =   750.000000000000     ,
 NF_OMEGA        =           1,
 HYDROSTATIC     = F,
 FV_SG_ADJ       =         450,
 SG_CUTOFF       =  -1.00000000000000     ,
 BREED_VORTEX_INLINE     = F,
 NA_INIT =           0,
 NUDGE_DZ        = F,
 HYBRID_Z        = F,
 MAKE_NH = F,
 N_ZS_FILTER     =           0,
 NORD_ZS_FILTER  =           4,
 FULL_ZS_FILTER  = F,
 RESET_ETA       = F,
 PNATS   =           0,
 DNATS   =           1,
 DNRTS   =          -1,
 A2B_ORD =           4,
 REMAP_T = T,
 P_REF   =   100000.000000000     ,
 D2_BG_K1        =  0.200000000000000     ,
 D2_BG_K2        =  4.000000000000000E-002,
 C2L_ORD =           4,
 DX_CONST        =   1000.00000000000     ,
 DY_CONST        =   1000.00000000000     ,
 UMAX    =   350.000000000000     ,
 DEGLAT  =   15.0000000000000     ,
 DEGLON_START    =  -30.0000000000000     ,
 DEGLON_STOP     =   30.0000000000000     ,
 DEGLAT_START    =  -30.0000000000000     ,
 DEGLAT_STOP     =   30.0000000000000     ,
 PHYS_HYDROSTATIC        = F,
 USE_HYDRO_PRESSURE      = F,
 MAKE_HYBRID_Z   = F,
 OLD_DIVG_DAMP   = F,
 ADD_NOISE       =  -1.00000000000000     ,
 BUTTERFLY_EFFECT        = F,
 DZ_MIN  =   2.00000000000000     ,
 PSM_BC  =           1,
 NESTED  = F,
 TWOWAYNEST      = T,
 NUDGE_QV        = T,
 NESTBCTYPE      =           1,
 NESTUPDATE      =           7,
 NSPONGE =           0,
 S_WEIGHT        =  1.000000000000000E-006,
 CHECK_NEGATIVE  = F,
 NUDGE_IC        = F,
 HALO_UPDATE_TYPE        =           1,
 GFS_PHIL        = F,
 AGRID_VEL_RST   = T,
 DO_UNI_ZFULL    = F,
 ADJ_MASS_VMR    = F,
 FAC_N_SPL       =   1.00000000000000     ,
 FHOURI  =  0.000000000000000E+000,
 UPDATE_BLEND    =   1.00000000000000     ,
 REGIONAL        = F,
 BC_UPDATE_INTERVAL      =           3,
 REGIONAL_BCS_FROM_GSI   = F,
 WRITE_RESTART_WITH_BCS  = F,
 NROWS_BLEND     =           0,
 WRITE_COARSE_RESTART_FILES      = F,
 WRITE_COARSE_DIAGNOSTICS        = F,
 WRITE_ONLY_COARSE_INTERMEDIATE_RESTARTS = F,
 WRITE_COARSE_AGRID_VEL_RST      = F,
 WRITE_COARSE_DGRID_VEL_RST      = T
 /
 &TEST_CASE_NML
 TEST_CASE       =          11,
 BUBBLE_DO       = F,
 ALPHA   =  0.000000000000000E+000,
 NSOLITONS       =           1,
 SOLITON_UMAX    =   50.0000000000000     ,
 SOLITON_SIZE    =   750000.000000000     
 /

Cubic: cubed-sphere domain decomposition:     4 X    8
   pe,   is,  ie,  js,  je,    isd, ied, jsd, jed

Cubic: cubed-sphere domain decomposition:     4 X    8
   pe,   is,  ie,  js,  je,    isd, ied, jsd, jed

================================================================================
TRACER_MANAGER_MOD
unknown

================================================================================
FIELD_MANAGER_MOD
unknown
# added by FRE: sphum must be present in atmos                                                                                                                                                                                                                                                                                                                                                                                                                                                                                                                                                                                                                                                                                                                                                                                                                                                                                                                                                                                                                  
# specific humidity for moist runs                                                                                                                                                                                                                                                                                                                                                                                                                                                                                                                                                                                                                                                                                                                                                                                                                                                                                                                                                                                                                              
 "TRACER", "atmos_mod", "sphum"                                                                                                                                                                                                                                                                                                                                                                                                                                                                                                                                                                                                                                                                                                                                                                                                                                                                                                                                                                                                                                 
# prognostic cloud water mixing ratio                                                                                                                                                                                                                                                                                                                                                                                                                                                                                                                                                                                                                                                                                                                                                                                                                                                                                                                                                                                                                           
 "TRACER", "atmos_mod", "liq_wat"                                                                                                                                                                                                                                                                                                                                                                                                                                                                                                                                                                                                                                                                                                                                                                                                                                                                                                                                                                                                                               
 "TRACER", "atmos_mod", "rainwat"                                                                                                                                                                                                                                                                                                                                                                                                                                                                                                                                                                                                                                                                                                                                                                                                                                                                                                                                                                                                                               
 "TRACER", "atmos_mod", "ice_wat"                                                                                                                                                                                                                                                                                                                                                                                                                                                                                                                                                                                                                                                                                                                                                                                                                                                                                                                                                                                                                               
 "TRACER", "atmos_mod", "snowwat"                                                                                                                                                                                                                                                                                                                                                                                                                                                                                                                                                                                                                                                                                                                                                                                                                                                                                                                                                                                                                               
 "TRACER", "atmos_mod", "graupel"                                                                                                                                                                                                                                                                                                                                                                                                                                                                                                                                                                                                                                                                                                                                                                                                                                                                                                                                                                                                                               
# prognostic ozone mixing ratio tracer                                                                                                                                                                                                                                                                                                                                                                                                                                                                                                                                                                                                                                                                                                                                                                                                                                                                                                                                                                                                                          
 "TRACER", "atmos_mod", "o3mr"                                                                                                                                                                                                                                                                                                                                                                                                                                                                                                                                                                                                                                                                                                                                                                                                                                                                                                                                                                                                                                  
# prognostic subgrid scale turbulent kinetic energy                                                                                                                                                                                                                                                                                                                                                                                                                                                                                                                                                                                                                                                                                                                                                                                                                                                                                                                                                                                                             
 "TRACER", "atmos_mod", "sgs_tke"                                                                                                                                                                                                                                                                                                                                                                                                                                                                                                                                                                                                                                                                                                                                                                                                                                                                                                                                                                                                                               
# non-prognostic cloud amount                                                                                                                                                                                                                                                                                                                                                                                                                                                                                                                                                                                                                                                                                                                                                                                                                                                                                                                                                                                                                                   
 "TRACER", "atmos_mod", "cld_amt"                                                                                                                                                                                                                                                                                                                                                                                                                                                                                                                                                                                                                                                                                                                                                                                                                                                                                                                                                                                                                               
 ----------------------------------------------------
 Contents of tracer entry            1
 Model type and field name
 Model                :            1
 Field name           : sphum
 Tracer units         : kg/kg
 Tracer longname      : specific humidity
 Tracer is_prognostic :  T
 ----------------------------------------------------
 ----------------------------------------------------
 Contents of tracer entry            2
 Model type and field name
 Model                :            1
 Field name           : liq_wat
 Tracer units         : kg/kg
 Tracer longname      : cloud water mixing ratio
 Tracer is_prognostic :  T
 ----------------------------------------------------
 ----------------------------------------------------
 Contents of tracer entry            3
 Model type and field name
 Model                :            1
 Field name           : rainwat
 Tracer units         : kg/kg
 Tracer longname      : rain mixing ratio
 Tracer is_prognostic :  T
 ----------------------------------------------------
 ----------------------------------------------------
 Contents of tracer entry            4
 Model type and field name
 Model                :            1
 Field name           : ice_wat
 Tracer units         : kg/kg
 Tracer longname      : cloud ice mixing ratio
 Tracer is_prognostic :  T
 ----------------------------------------------------
 ----------------------------------------------------
 Contents of tracer entry            5
 Model type and field name
 Model                :            1
 Field name           : snowwat
 Tracer units         : kg/kg
 Tracer longname      : snow mixing ratio
 Tracer is_prognostic :  T
 ----------------------------------------------------
 ----------------------------------------------------
 Contents of tracer entry            6
 Model type and field name
 Model                :            1
 Field name           : graupel
 Tracer units         : kg/kg
 Tracer longname      : graupel mixing ratio
 Tracer is_prognostic :  T
 ----------------------------------------------------
 ----------------------------------------------------
 Contents of tracer entry            7
 Model type and field name
 Model                :            1
 Field name           : o3mr
 Tracer units         : kg/kg
 Tracer longname      : ozone mixing ratio
 Tracer is_prognostic :  T
 ----------------------------------------------------
 ----------------------------------------------------
 Contents of tracer entry            8
 Model type and field name
 Model                :            1
 Field name           : sgs_tke
 Tracer units         : m2/s2
 Tracer longname      : subgrid scale turbulent kinetic energy
 Tracer is_prognostic :  T
 ----------------------------------------------------
 ----------------------------------------------------
 Contents of tracer entry            9
 Model type and field name
 Model                :            1
 Field name           : cld_amt
 Tracer units         : 1
 Tracer longname      : cloud amount
 Tracer is_prognostic :  T
 ----------------------------------------------------
Number of tracers in field table for atmospheric model =    9
Number of tracers in field table for oceanic model =    0
Number of tracers in field table for land model =    0
Number of tracers in field table for ice model =    0
Number of tracers in field table for coupler model =    0

================================================================================
fvGFS/atmosphere_mod
unknown

================================================================================
FV_DIAGNOSTICS_MOD
unknown

================================================================================
DIAG_GRID_MOD
unknown

================================================================================
FV_DIAG_COLUMN_MOD
unknown
================================================================================
v2018 FV3GFS BETA VERSION PHYSICS                               
 &GFS_PHYSICS_NML
 FHZERO  =   6.00000000000000     ,
 LDIAG3D = F,
 QDIAG3D = F,
 LSSAV   = F,
 NAUX2D  =           0,
 DTEND_SELECT    = *                                                                                                                                                                                                                                                                                                                                                                                                                                                                                                                                                                                                                                                                                                                                                                                                                                                                                                                                                                                                                                            
                                                                                                                                                                                                                                                                                                                                                                                                                                                                                                                                                                                                                                                                                                                                                                                                                                                                                                                                                                                                                                                                
                                                                                                                                                                                                                                                                                                                                                                                                                                                                                                                                                                                                                                                                                                                                                                                                                                                                                                                                                                                                                                                                
                                                                                                                                                                                                                                                                                                                                                                                                                                                                                                                                                                                                                                                                                                                                                                                                                                                                                                                                                                                                                                                                
                                                                                                                                                                                                                                                                                                                                                                                                                                                                                                                                                                                                                                                                                                                                                                                                                                                                                                                                                                                                                                                                
                                                                                                                                                                                                                                                                                                                                                                                                                                                                                                                                                                                                                                                                                                                                                                                                                                                                                                                                        ,
 NAUX3D  =           0,
 AUX2D_TIME_AVG  = 20*F,
 AUX3D_TIME_AVG  = 20*F,
 FHCYC   =   24.0000000000000     ,
 THERMODYN_ID    =           1,
 SFCPRESS_ID     =           1,
 CPLFLX  = T,
 CPLICE  = T,
 CPLOCN2ATM      = T,
 CPLWAV  = F,
 CPLWAV2ATM      = F,
 CPLCHM  = F,
 CPL_IMP_MRG     = F,
 CPL_IMP_DBG     = F,
 USE_CICE_ALB    = F,
 LSIDEA  = F,
 FHSWR   =   3600.00000000000     ,
 FHLWR   =   3600.00000000000     ,
 LEVR    =         -99,
 NFXR    =          45,
 IAERCLM = F,
 IFLIP   =           1,
 ISOL    =           2,
 ICO2    =           2,
 IALB    =           2,
 ISOT    =           1,
 IEMS    =           2,
 IAER    =        1011,
 ICLIQ_SW        =           2,
 IOVR    =           3,
 ICTM    =           1,
 ISUBC_SW        =           2,
 ISUBC_LW        =           2,
 CRICK_PROOF     = F,
 CCNORM  = F,
 LWHTR   = T,
 SWHTR   = T,
 NHFRAD  =           0,
 IDCOR   =           1,
 DCORR_CON       =   2.50000000000000     ,
 DO_RRTMGP       = F,
 ACTIVE_GASES    =                                                                                                                                 ,
 NGASES  =           0,
 RRTMGP_ROOT     =                                                                                                                                 ,
 LW_FILE_GAS     =                                                                                                                                 ,
 LW_FILE_CLOUDS  =                                                                                                                                 ,
 RRTMGP_NBANDSLW =        -999,
 RRTMGP_NGPTSLW  =        -999,
 SW_FILE_GAS     =                                                                                                                                 ,
 SW_FILE_CLOUDS  =                                                                                                                                 ,
 RRTMGP_NBANDSSW =        -999,
 RRTMGP_NGPTSSW  =        -999,
 DOG_CLDOPTICS   = F,
 DOGP_CLDOPTICS_PADE     = F,
 DOGP_CLDOPTICS_LUT      = F,
 RRTMGP_NRGHICE  =           3,
 RRTMGP_NGAUSS_ANG       =           1,
 DO_GPSW_GLW     = F,
 USE_LW_JACOBIAN = F,
 DOGP_LWSCAT     = F,
 DAMP_LW_FLUXADJ = F,
 LFNC_K  =  -999.000000000000     ,
 LFNC_P0 =  -999.000000000000     ,
 ICCN    =           0,
 IMP_PHYSICS     =          11,
 PSAUTCO =  8.000000000000000E-004,  5.000000000000000E-004,
 PRAUTCO = 2*1.500000000000000E-004  ,
 EVPCO   =  2.000000000000000E-005,
 WMINCO  = 2*1.000000000000000E-005  ,
 FPRCP   =           2,
 PDFFLAG =           4,
 MG_DCS  =   200.000000000000     ,
 MG_QCVAR        =   1.00000000000000     ,
 MG_TS_AUTO_ICE  = 2*180.000000000000        ,
 MG_RHMINI       =   1.01000000000000     ,
 EFFR_IN = T,
 TF      =   258.160000000000     ,
 TCR     =   273.160000000000     ,
 MICROP_UNIFORM  = T,
 DO_CLDICE       = T,
 HETFRZ_CLASSNUC = F,
 MG_DO_GRAUPEL   = T,
 MG_DO_HAIL      = F,
 MG_NCCONS       = F,
 MG_NICONS       = F,
 MG_NGCONS       = F,
 MG_NCNST        =   100000000.000000     ,
 MG_NINST        =   150000.000000000     ,
 MG_NGNST        =   100000.000000000     ,
 SED_SUPERSAT    = T,
 DO_SB_PHYSICS   = T,
 MG_ALF  =   1.00000000000000     ,
 MG_QCMIN        = 2*1.000000000000000E-009  ,
 MG_DO_ICE_GMAO  = F,
 MG_DO_LIQ_LIU   = T,
 LTAEROSOL       = F,
 LRADAR  = F,
 NSRADAR_RESET   =  -999.000000000000     ,
 LREFRES = F,
 TTENDLIM        =  -999.000000000000     ,
 EXT_DIAG_THOMPSON       = F,
 DT_INNER        =  -999.000000000000     ,
 LGFDLMPRAD      = T,
 AVG_MAX_LENGTH  =   3600.00000000000     ,
 LSM     =           2,
 LSOIL   =           4,
 LSOIL_LSM       =          -1,
 LSNOW_LSM       =           3,
 KICE    =           2,
 RDLAI   = F,
 NMTVR   =          14,
 IVEGSRC =           1,
 USE_UFO = T,
 IOPT_THCND      =           1,
 UA_PHYS = F,
 USEMONALB       = T,
 AOASIS  =   1.00000000000000     ,
 FASDAS  =           0,
 IOPT_DVEG       =           4,
 IOPT_CRS        =           2,
 IOPT_BTR        =           1,
 IOPT_RUN        =           1,
 IOPT_SFC        =           1,
 IOPT_FRZ        =           1,
 IOPT_INF        =           1,
 IOPT_RAD        =           3,
 IOPT_ALB        =           1,
 IOPT_SNF        =           4,
 IOPT_TBOT       =           2,
 IOPT_STC        =           3,
 LCURR_SF        = F,
 PERT_CD = F,
 NTSFLG  =           0,
 SFENTH  =  0.000000000000000E+000,
 LKM     =           0,
 RAS     = F,
 TRANS_TRAC      = T,
 OLD_MONIN       = F,
 CNVGWD  = T,
 MSTRAT  = F,
 MOIST_ADJ       = F,
 CSCNV   = F,
 CAL_PRE = F,
 DO_AW   = F,
 DO_SHOC = F,
 SHOCAFTCNV      = F,
 SHOC_CLD        = F,
 OZ_PHYS = F,
 OZ_PHYS_2015    = T,
 DO_MYNNEDMF     = F,
 DO_MYNNSFCLAY   = F,
 BL_MYNN_CLOUDPDF        =           2,
 BL_MYNN_EDMF    =           0,
 BL_MYNN_EDMF_MOM        =           1,
 BL_MYNN_EDMF_TKE        =           0,
 BL_MYNN_EDMF_PART       =           0,
 BL_MYNN_CLOUDMIX        =           1,
 BL_MYNN_MIXQT   =           0,
 BL_MYNN_OUTPUT  =           0,
 ICLOUD_BL       =           1,
 BL_MYNN_TKEADVECT       = F,
 GWD_OPT =           2,
 DO_UGWP_V0      = F,
 DO_UGWP_V0_OROG_ONLY    = F,
 DO_UGWP_V0_NST_ONLY     = F,
 DO_GSL_DRAG_LS_BL       = T,
 DO_GSL_DRAG_SS  = T,
 DO_GSL_DRAG_TOFD        = T,
 DO_UGWP_V1      = T,
 DO_UGWP_V1_OROG_ONLY    = F,
 DO_UGWP_V1_W_GSLDRAG    = F,
 VAR_RIC =   1.00000000000000     ,
 COEF_RIC_L      =  0.160000000000000     ,
 COEF_RIC_S      =  0.250000000000000     ,
 HURR_PBL        = F,
 DO_MYJSFC       = F,
 DO_MYJPBL       = F,
 HWRF_SAMFDEEP   = F,
 HWRF_SAMFSHAL   = F,
 H2O_PHYS        = T,
 PDFCLD  = F,
 SHCNVCW = F,
 REDRAG  = T,
 HYBEDMF = F,
 SATMEDMF        = T,
 SHINHONG        = F,
 DO_YSU  = F,
 DSPHEAT = T,
 LHEATSTRG       = T,
 LSEASPRAY       = T,
 CNVCLD  = T,
 RANDOM_CLDS     = F,
 SHAL_CNV        = T,
 IMFSHALCNV      =           2,
 IMFDEEPCNV      =           2,
 ISATMEDMF       =           1,
 DO_DEEP = T,
 JCAP    =           1,
 CS_PARM =   8.00000000000000     ,   4.00000000000000     ,   1000.00000000000     ,   3500.00000000000     ,   20.0000000000000     ,   1.00000000000000     ,  -999.000000000000     ,   1.00000000000000     ,  0.600000000000000     ,  0.000000000000000E+000,
 FLGMIN  =  0.180000000000000     ,  0.220000000000000     ,
 CGWF    =  0.500000000000000     ,  5.000000000000000E-002,
 CCWF    = 2*1.00000000000000        ,
 CDMBGWD =  0.230000000000000     ,   1.50000000000000     , 2*1.00000000000000        ,
 SUP     =   1.00000000000000     ,
 CTEI_RM = 2*10.0000000000000        ,
 CRTRH   = 3*0.900000000000000       ,
 DLQF    = 2*0.150000000000000       ,
 RBCR    =  0.250000000000000     ,
 SHOC_PARM       =   7000.00000000000     ,   1.00000000000000     ,   4.28571430000000     ,  0.700000000000000     ,  -999.000000000000     ,
 PSAURAS = 2*1.000000000000000E-003  ,
 PRAURAS = 2*2.000000000000000E-003  ,
 WMINRAS = 2*1.000000000000000E-006  ,
 DO_SPPT = F,
 DO_SHUM = F,
 DO_SKEB = F,
 LNDP_TYPE       =           0,
 N_VAR_LNDP      =           0,
 LNDP_EACH_STEP  = F,
 PERT_MP = F,
 PERT_CLDS       = F,
 PERT_RADTEND    = T,
 PRSLRD0 =  0.000000000000000E+000,
 RAL_TS  =  0.000000000000000E+000,
 LDIAG_UGWP      = F,
 DO_UGWP = F,
 DO_TOFD = F,
 SPEC_ADV        = T,
 RHGRD   =   1.00000000000000     ,
 ICLOUD  =           0,
 CLAM_DEEP       =  7.000000000000001E-002,
 C0S_DEEP        =  2.000000000000000E-003,
 C1_DEEP =  2.000000000000000E-003,
 BETAL_DEEP      =  1.000000000000000E-002,
 BETAS_DEEP      =  1.000000000000000E-002,
 EVEF    =  9.000000000000000E-002,
 EVFACT_DEEP     =  0.300000000000000     ,
 EVFACTL_DEEP    =  0.300000000000000     ,
 PGCON_DEEP      =  0.550000000000000     ,
 ASOLFAC_DEEP    =  0.958000000000000     ,
 CLAM_SHAL       =  0.300000000000000     ,
 C0S_SHAL        =  2.000000000000000E-003,
 C1_SHAL =  5.000000000000000E-004,
 PGCON_SHAL      =  0.550000000000000     ,
 ASOLFAC_SHAL    =  0.958000000000000     ,
 NST_ANL = T,
 LSEA    =           0,
 NSTF_NAME       =           2, 4*0,
 FRAC_GRID       = T,
 MIN_LAKEICE     =  0.150000000000000     ,
 MIN_SEAICE      =  9.999999999999999E-012,
 MIN_LAKE_HEIGHT =   250.000000000000     ,
 IGNORE_LAKE     = T,
 SFC_Z0_TYPE     =           0,
 THSFC_LOC       = T,
 XKZM_M  =   1.00000000000000     ,
 XKZM_H  =   1.00000000000000     ,
 XKZM_S  =   1.00000000000000     ,
 XKZMINV =  0.300000000000000     ,
 MONINQ_FAC      =   1.00000000000000     ,
 DSPFAC  =   1.00000000000000     ,
 BL_UPFR =  0.130000000000000     ,
 BL_DNFR =  0.100000000000000     ,
 RLMX    =   300.000000000000     ,
 ELMX    =   300.000000000000     ,
 SFC_RLM =           0,
 H0FACU  =  0.250000000000000     ,
 H0FACS  =   1.00000000000000     ,
 NCA     =           1,
 SCELLS  =        2600,
 TLIVES  =        1800,
 NCA_G   =           1,
 NCELLS_G        =           1,
 NLIVES_G        =         100,
 NFRACSEED       =  0.500000000000000     ,
 NSEED   =           1,
 NSEED_G =         100,
 RCELL   =  0.200000000000000     ,
 DO_CA   = T,
 CA_SGS  = T,
 CA_GLOBAL       = F,
 ISEED_CA        =       12345,
 CA_SMOOTH       = F,
 NSPINUP =           1,
 CA_AMPLITUDE    =  0.350000000000000     ,
 NSMOOTH =         100,
 CA_CLOSURE      = F,
 CA_ENTR = F,
 CA_TRIGGER      = T,
 IAU_DELTHRS     =  0.000000000000000E+000,
 IAUFHRS = 7*-1.00000000000000       ,
 IAU_INC_FILES   =                                                                                                                                                                                                                                                                                                                                                                                                                                                                                                                                                                                                                                                                                                                                                                                                                                                                                                                                                                                                                                              
                                                                                                                                                                                                                                                                                                                                                                                                                                                                                                                                                                                                                                                                                                    ,
 IAU_FILTER_INCREMENTS   = F,
 IAU_DRYMASSFIXER        = F,
 DEBUG   = F,
 PRE_RAD = F,
 PRINT_DIFF_PGR  = F,
 MAX_LON =        5000,
 MAX_LAT =        2000,
 MIN_LON =         192,
 MIN_LAT =          94,
 RHCMAX  =  0.999999900000000     ,
 HUGE    =  9.969209968386869E+036,
 PHYS_VERSION    = v2018 FV3GFS BETA VERSION PHYSICS                               ,
 FSCAV_AERO      = *:0.0                                   ,Aw  Aw  Aw  dynamicsb0Aw  9w         4Aw                  dynamicsf6                                @:&+          dynamicsm                `                               dynamics                                                        dynamics                                                        dynamics                                                        dynamics                                                        dynamics64bit                                                   dynamics                                                        dynamics                                                        dynamics                                                        dynamics                                 `                   dynamics                                          8      dynamics  `                          8                     dynamics                `           
 /

CA cubic mosaic domain decomposition:     4 X    8
   pe,   is,  ie,  js,  je,    isd, ied, jsd, jed
  ================================================================== 
 CCPP cires_ugwp_namelist_extended_v1
 &CIRES_UGWP_NML
 KNOB_UGWP_SOLVER        =           2,
 KNOB_UGWP_SOURCE        = 2*1, 2*0,
 KNOB_UGWP_WVSPEC        =           1, 3*25,
 KNOB_UGWP_AZDIR =           2, 3*4,
 KNOB_UGWP_STOCH = 4*0,
 KNOB_UGWP_EFFAC = 4*1.00000000000000        ,
 KNOB_UGWP_DOAXYZ        =           1,
 KNOB_UGWP_DOHEAT        =           1,
 KNOB_UGWP_DOKDIS        =           2,
 KNOB_UGWP_NDX4LH        =           4,
 KNOB_UGWP_VERSION       =           1,
 KNOB_UGWP_PALAUNCH      =   27500.0000000000     ,
 KNOB_UGWP_NSLOPE        =           1,
 KNOB_UGWP_LZMAX =   15750.0000000000     ,
 KNOB_UGWP_LZMIN =   750.000000000000     ,
 KNOB_UGWP_LZSTAR        =   2000.00000000000     ,
 KNOB_UGWP_LHMET =   200000.000000000     ,
 KNOB_UGWP_TAUAMP        =  3.000000000000000E-003,
 KNOB_UGWP_TAUMIN        =  2.500000000000000E-004,
 KNOB_UGWP_TLIMB = T,
 KNOB_UGWP_OROSOLV       = pss-1986
 /
  ================================================================== 
  ================================================================== 
 gfdl_cloud_microphys_mod
 &GFDL_CLOUD_MICROPHYSICS_NML
 MP_TIME =   150.000000000000     ,
 T_MIN   =   178.000000000000     ,
 T_SUB   =   184.000000000000     ,
 TAU_R2G =   900.000000000000     ,
 TAU_SMLT        =   900.000000000000     ,
 TAU_G2R =   600.000000000000     ,
 DW_LAND =  0.160000000000000     ,
 DW_OCEAN        =  0.100000000000000     ,
 VI_FAC  =   1.00000000000000     ,
 VR_FAC  =   1.00000000000000     ,
 VS_FAC  =   1.00000000000000     ,
 VG_FAC  =   1.00000000000000     ,
 QL_MLT  =  1.000000000000000E-003,
 DO_QA   = T,
 FIX_NEGATIVE    = T,
 VI_MAX  =   1.00000000000000     ,
 VS_MAX  =   2.00000000000000     ,
 VG_MAX  =   12.0000000000000     ,
 VR_MAX  =   12.0000000000000     ,
 QS_MLT  =  1.000000000000000E-006,
 QS0_CRT =  1.000000000000000E-003,
 QI_GEN  =  1.820000000000000E-006,
 QL0_MAX =  2.000000000000000E-003,
 QI0_MAX =  1.000000000000000E-004,
 QI0_CRT =  8.000000000000001E-005,
 QR0_CRT =  1.000000000000000E-004,
 FAST_SAT_ADJ    = T,
 RH_INC  =  0.300000000000000     ,
 RH_INS  =  0.300000000000000     ,

================================================================================
DIAG_OUTPUT_MOD
2020.03

================================================================================
FIELD_MANAGER_MOD
unknown

==>Note from field_manager_mod(field_manager_end):
Exiting field_manager, have a nice day ...

                                     time
Total runtime                       826.984559
Ocean Initialization                  6.346687
Ocean                               192.817747
Ocean dynamics                       98.542559
Ocean thermodynamics and tracers     77.835314
Ocean Other                          16.160394
(Ocean tracer advection)             13.171806
(Ocean diabatic driver)              64.663472
(Ocean continuity equation *)         0.000000
(Ocean set BBL viscosity)             0.265308
(Ocean message passing *)            23.696264
(Ocean MOM_initialize_state)          3.509255
(Ocean init message passing *)        0.003795
(Ocean thickness diffusion *)         4.682999
(Ocean mixed layer restrat)           1.233701
(Ocean collective diagnostics)        4.887790
(Ocean Z-space diagnostics)           0.000000
(Ocean ALE)                           0.643312
(Initialize from Z)                   0.001567
(Ocean diagnostics framework)        13.637672
(Ocean diagnostics remapping)         0.264063
(Ocean diagnostics grid updates)      1.019589
(Ocean continuity halo updates)       0.781936
(Ocean init message passing)          0.002699
(Ocean continuity update)             1.912521
(Ocean continuity correction)         5.731994
(Ocean BT pre-calcs only)             5.473026
(Ocean BT pre-step halo updates)      5.330517
(Ocean BT stepping calcs only)        3.956565
(Ocean BT stepping halo updates)      3.853543
(Ocean BT post-calcs only)            1.066311
(Ocean BT post-step halo updates      0.221486
(Ocean BT global synch)               1.937880
(Ocean Coriolis & mom advection)      1.770729
(Ocean continuity equation)           8.410867
(Ocean pressure force)               12.926792
(Ocean vertical viscosity)            4.274240
(Ocean horizontal viscosity)          5.290887
(Ocean momentum increments)           0.481395
(Ocean message passing)              21.278105
(Ocean barotropic mode calc)          0.164066
(Ocean barotropic mode stepping)     21.896632
(Ocean barotropic forcing calc)       0.451036
(Ocean kappa_shear)                   0.581218
(Ocean diabatic entrain)              0.000000
(Ocean vert remap)                   48.128758
(Ocean geothermal)                    0.004124
(Ocean set_diffusivity)               2.247700
(Ocean KPP)                           0.000000
(Ocean tracer_columns)                0.000035
(Ocean diabatic tridiag)              0.174189
(Ocean diabatic message passing)      1.725449
(Ocean find_uv_at_h)                  0.179883
(Ocean frazil)                        0.123539
(Ocean advect tracer)                 2.518965
(Ocean tracer halo updates)           7.343175
(Ocean tracer global synch)           1.746006
(Ocean diffuse tracer)               10.604471
(Ocean epipycnal diffuse tracer)      0.000000
Ocean surface forcing                 0.612598
(Ocean forcing diagnostics)           0.207528
ERNAL_NML
 NUM_IO_BUFFERS  =           2,
 DEBUG_THIS_MODULE       = F,
 MAX_FIELDS      =         100,
 MAX_FILES       =          40
 /

================================================================================
TIME_INTERP_MOD
unknown
 &TIME_INTERP_NML
 PERTHLIKE_BEHAVIOR      = F
 /

================================================================================
DIAG_OUTPUT_MOD
2020.03

                                     time
Total runtime                       824.655978
Initialization                        0.000000
FV dy-core                          367.447178
FV subgrid_z                          1.750496
FV Diag                               5.667810
GFS Step Setup                       24.182843
GFS Radiation                       107.823459
GFS Physics                         104.609529
Dynamics get state                    5.635285
Dynamics update state                33.302171
FV3 Dycore                          378.286587
